<?xml version="1.0" encoding="UTF-8"?>
<robot generator="Robot 7.3.2 (Python 3.13.3 on darwin)" generated="2026-01-09T10:50:14.433976" rpa="false" schemaversion="5">
<suite id="s1" name="Login &amp; Product &amp; Inquiry &amp; Payment &amp; Payment &amp; Receipt">
<suite id="s1-s1" name="Login" source="/Users/achmadzayadi/Desktop/automation-learning/automation-cashier/test/login.robot">
<test id="s1-s1-t1" name="TC01 Login - Success [200]" line="34">
<kw name="Request Body Login Success">
<kw name="Create Dictionary" owner="BuiltIn">
<msg time="2026-01-09T10:50:14.583680" level="INFO">${JSON_BODY} = {'idEmployee': 'admin', 'password': 'admin123'}</msg>
<var>${JSON_BODY}</var>
<arg>idEmployee=admin</arg>
<arg>password=admin123</arg>
<doc>Creates and returns a dictionary based on the given ``items``.</doc>
<status status="PASS" start="2026-01-09T10:50:14.583543" elapsed="0.000164"/>
</kw>
<return>
<value>${JSON_BODY}</value>
<status status="PASS" start="2026-01-09T10:50:14.583744" elapsed="0.000023"/>
</return>
<msg time="2026-01-09T10:50:14.583831" level="INFO">${payload} = {'idEmployee': 'admin', 'password': 'admin123'}</msg>
<var>${payload}</var>
<status status="PASS" start="2026-01-09T10:50:14.583165" elapsed="0.000678"/>
</kw>
<kw name="Login - Success" owner="key_login">
<kw name="Set headers Login" owner="key_login">
<kw name="Create Dictionary" owner="BuiltIn">
<msg time="2026-01-09T10:50:14.584293" level="INFO">${headers} = {'timestamp': '1726033478', 'geolocation': '77665544332211', 'appsId': 'appsid'}</msg>
<var>${headers}</var>
<arg>timestamp=${TIMESTAMP}</arg>
<arg>geolocation=${GEOLOCATION}</arg>
<arg>appsId=${APPS_ID}</arg>
<doc>Creates and returns a dictionary based on the given ``items``.</doc>
<status status="PASS" start="2026-01-09T10:50:14.584166" elapsed="0.000139"/>
</kw>
<return>
<value>${headers}</value>
<status status="PASS" start="2026-01-09T10:50:14.584329" elapsed="0.000015"/>
</return>
<msg time="2026-01-09T10:50:14.584394" level="INFO">${header} = {'timestamp': '1726033478', 'geolocation': '77665544332211', 'appsId': 'appsid'}</msg>
<var>${header}</var>
<status status="PASS" start="2026-01-09T10:50:14.584076" elapsed="0.000328"/>
</kw>
<kw name="Create Session" owner="RequestsLibrary">
<msg time="2026-01-09T10:50:14.584544" level="INFO">Creating Session using : alias=LoginSuccess, url=http://localhost:3006/v1/auth/login, headers={},                     cookies={}, auth=None, timeout=None, proxies=None, verify=True,                     debug=0 </msg>
<arg>LoginSuccess</arg>
<arg>${ENDPOINT_LOGIN}</arg>
<arg>verify=${True}</arg>
<doc>Create Session: create a HTTP session to a server</doc>
<status status="PASS" start="2026-01-09T10:50:14.584448" elapsed="0.000181"/>
</kw>
<kw name="POST On Session" owner="RequestsLibrary">
<msg time="2026-01-09T10:50:14.701862" level="INFO">POST Request : url=http://localhost:3006/v1/auth/login 
 path_url=/v1/auth/login 
 headers={'User-Agent': 'python-requests/2.32.3', 'Accept-Encoding': 'gzip, deflate', 'Accept': '*/*', 'Connection': 'keep-alive', 'timestamp': '1726033478', 'geolocation': '77665544332211', 'appsId': 'appsid', 'Content-Length': '47', 'Content-Type': 'application/json'} 
 body=b'{"idEmployee": "admin", "password": "admin123"}' 
 </msg>
<msg time="2026-01-09T10:50:14.701940" level="INFO">POST Response : url=http://localhost:3006/v1/auth/login 
 status=200, reason=OK 
 headers={'Content-Type': 'application/json; charset=utf-8', 'Access-Control-Allow-Origin': '*', 'Access-Control-Allow-Methods': 'GET,POST,PUT,PATCH,DELETE,HEAD,OPTIONS', 'Access-Control-Allow-Headers': 'Content-Type, Origin, Accept, Authorization, Content-Length, X-Requested-With', 'Content-Length': '231', 'Date': 'Fri, 09 Jan 2026 03:50:14 GMT', 'Connection': 'keep-alive', 'Keep-Alive': 'timeout=5'} 
 body={
  "responseCode": 200,
  "status": "Success",
  "data": {
    "token": "eyJhbGciOiJIUzI1Ni",
    "user": {
      "id": 1,
      "name": "Bastian Kasir",
      "role": "admin"
    },
    "expiresAt": "2026-01-05T23:59:59Z"
  }
}

 
 </msg>
<msg time="2026-01-09T10:50:14.702014" level="INFO">${response} = &lt;Response [200]&gt;</msg>
<var>${response}</var>
<arg>LoginSuccess</arg>
<arg>${ENDPOINT_LOGIN}</arg>
<arg>json=${payload}</arg>
<arg>headers=${header}</arg>
<doc>Sends a POST request on a previously created HTTP Session.</doc>
<status status="PASS" start="2026-01-09T10:50:14.584678" elapsed="0.117349"/>
</kw>
<kw name="Should Be Equal As Strings" owner="BuiltIn">
<msg time="2026-01-09T10:50:14.702498" level="INFO">Argument types are:
&lt;class 'int'&gt;
&lt;class 'str'&gt;</msg>
<arg>${response.status_code}</arg>
<arg>200</arg>
<doc>Fails if objects are unequal after converting them to strings.</doc>
<status status="PASS" start="2026-01-09T10:50:14.702123" elapsed="0.000403"/>
</kw>
<kw name="Log" owner="BuiltIn">
<msg time="2026-01-09T10:50:14.702636" level="INFO">&lt;Response [200]&gt;</msg>
<arg>${response}</arg>
<doc>Logs the given message with the given level.</doc>
<status status="PASS" start="2026-01-09T10:50:14.702582" elapsed="0.000071"/>
</kw>
<return>
<value>${response.json()}</value>
<status status="PASS" start="2026-01-09T10:50:14.702674" elapsed="0.000020"/>
</return>
<msg time="2026-01-09T10:50:14.702990" level="INFO">${response} = {'responseCode': 200, 'status': 'Success', 'data': {'token': 'eyJhbGciOiJIUzI1Ni', 'user': {'id': 1, 'name': 'Bastian Kasir', 'role': 'admin'}, 'expiresAt': '2026-01-05T23:59:59Z'}}</msg>
<var>${response}</var>
<arg>${payload}</arg>
<status status="PASS" start="2026-01-09T10:50:14.583947" elapsed="0.119056"/>
</kw>
<kw name="Log" owner="BuiltIn">
<msg time="2026-01-09T10:50:14.703174" level="INFO">Request Body: {'idEmployee': 'admin', 'password': 'admin123'}</msg>
<arg>Request Body: ${payload}</arg>
<doc>Logs the given message with the given level.</doc>
<status status="PASS" start="2026-01-09T10:50:14.703117" elapsed="0.000074"/>
</kw>
<kw name="Log" owner="BuiltIn">
<msg time="2026-01-09T10:50:14.703308" level="INFO">Response: {'responseCode': 200, 'status': 'Success', 'data': {'token': 'eyJhbGciOiJIUzI1Ni', 'user': {'id': 1, 'name': 'Bastian Kasir', 'role': 'admin'}, 'expiresAt': '2026-01-05T23:59:59Z'}}</msg>
<arg>Response: ${response}</arg>
<doc>Logs the given message with the given level.</doc>
<status status="PASS" start="2026-01-09T10:50:14.703259" elapsed="0.000064"/>
</kw>
<kw name="Should Be Equal As Integers" owner="BuiltIn">
<msg time="2026-01-09T10:50:14.703643" level="INFO">Argument types are:
&lt;class 'int'&gt;
&lt;class 'str'&gt;</msg>
<arg>${response['responseCode']}</arg>
<arg>200</arg>
<doc>Fails if objects are unequal after converting them to integers.</doc>
<status status="PASS" start="2026-01-09T10:50:14.703379" elapsed="0.000288"/>
</kw>
<kw name="Should Be Equal As Strings" owner="BuiltIn">
<arg>${response['status']}</arg>
<arg>Success</arg>
<doc>Fails if objects are unequal after converting them to strings.</doc>
<status status="PASS" start="2026-01-09T10:50:14.703734" elapsed="0.000250"/>
</kw>
<kw name="Validate Login Response Success" owner="login_response">
<kw name="Dictionary Should Contain Key" owner="Collections">
<arg>${response}</arg>
<arg>responseCode</arg>
<doc>Fails if ``key`` is not found from ``dictionary``.</doc>
<status status="PASS" start="2026-01-09T10:50:14.704208" elapsed="0.000056"/>
</kw>
<kw name="Dictionary Should Contain Key" owner="Collections">
<arg>${response}</arg>
<arg>status</arg>
<doc>Fails if ``key`` is not found from ``dictionary``.</doc>
<status status="PASS" start="2026-01-09T10:50:14.704308" elapsed="0.000049"/>
</kw>
<kw name="Dictionary Should Contain Key" owner="Collections">
<arg>${response}</arg>
<arg>data</arg>
<doc>Fails if ``key`` is not found from ``dictionary``.</doc>
<status status="PASS" start="2026-01-09T10:50:14.704395" elapsed="0.000045"/>
</kw>
<kw name="Should Be Equal As Strings" owner="BuiltIn">
<msg time="2026-01-09T10:50:14.704729" level="INFO">Argument types are:
&lt;class 'int'&gt;
&lt;class 'str'&gt;</msg>
<arg>${response['responseCode']}</arg>
<arg>200</arg>
<doc>Fails if objects are unequal after converting them to strings.</doc>
<status status="PASS" start="2026-01-09T10:50:14.704480" elapsed="0.000268"/>
</kw>
<kw name="Should Be Equal As Strings" owner="BuiltIn">
<arg>${response['status']}</arg>
<arg>Success</arg>
<doc>Fails if objects are unequal after converting them to strings.</doc>
<status status="PASS" start="2026-01-09T10:50:14.704852" elapsed="0.000255"/>
</kw>
<kw name="Set Variable" owner="BuiltIn">
<msg time="2026-01-09T10:50:14.705395" level="INFO">${data} = {'token': 'eyJhbGciOiJIUzI1Ni', 'user': {'id': 1, 'name': 'Bastian Kasir', 'role': 'admin'}, 'expiresAt': '2026-01-05T23:59:59Z'}</msg>
<var>${data}</var>
<arg>${response['data']}</arg>
<doc>Returns the given values which can then be assigned to a variables.</doc>
<status status="PASS" start="2026-01-09T10:50:14.705156" elapsed="0.000251"/>
</kw>
<kw name="Dictionary Should Contain Key" owner="Collections">
<arg>${data}</arg>
<arg>token</arg>
<doc>Fails if ``key`` is not found from ``dictionary``.</doc>
<status status="PASS" start="2026-01-09T10:50:14.705449" elapsed="0.000051"/>
</kw>
<kw name="Dictionary Should Contain Key" owner="Collections">
<arg>${data}</arg>
<arg>user</arg>
<doc>Fails if ``key`` is not found from ``dictionary``.</doc>
<status status="PASS" start="2026-01-09T10:50:14.705541" elapsed="0.000044"/>
</kw>
<kw name="Dictionary Should Contain Key" owner="Collections">
<arg>${data}</arg>
<arg>expiresAt</arg>
<doc>Fails if ``key`` is not found from ``dictionary``.</doc>
<status status="PASS" start="2026-01-09T10:50:14.705624" elapsed="0.000044"/>
</kw>
<kw name="Set Variable" owner="BuiltIn">
<msg time="2026-01-09T10:50:14.705939" level="INFO">${user} = {'id': 1, 'name': 'Bastian Kasir', 'role': 'admin'}</msg>
<var>${user}</var>
<arg>${data['user']}</arg>
<doc>Returns the given values which can then be assigned to a variables.</doc>
<status status="PASS" start="2026-01-09T10:50:14.705709" elapsed="0.000240"/>
</kw>
<kw name="Dictionary Should Contain Key" owner="Collections">
<arg>${user}</arg>
<arg>id</arg>
<doc>Fails if ``key`` is not found from ``dictionary``.</doc>
<status status="PASS" start="2026-01-09T10:50:14.705990" elapsed="0.000044"/>
</kw>
<kw name="Dictionary Should Contain Key" owner="Collections">
<arg>${user}</arg>
<arg>name</arg>
<doc>Fails if ``key`` is not found from ``dictionary``.</doc>
<status status="PASS" start="2026-01-09T10:50:14.706073" elapsed="0.000083"/>
</kw>
<kw name="Dictionary Should Contain Key" owner="Collections">
<arg>${user}</arg>
<arg>role</arg>
<doc>Fails if ``key`` is not found from ``dictionary``.</doc>
<status status="PASS" start="2026-01-09T10:50:14.706196" elapsed="0.000042"/>
</kw>
<arg>${response}</arg>
<status status="PASS" start="2026-01-09T10:50:14.704093" elapsed="0.002168"/>
</kw>
<status status="PASS" start="2026-01-09T10:50:14.582842" elapsed="0.123557"/>
</test>
<test id="s1-s1-t2" name="TC02 Login - Success Not Register [200]" line="44">
<kw name="Request Body Login Success">
<kw name="Create Dictionary" owner="BuiltIn">
<msg time="2026-01-09T10:50:14.706936" level="INFO">${JSON_BODY} = {'idEmployee': 'admin', 'password': 'admin123'}</msg>
<var>${JSON_BODY}</var>
<arg>idEmployee=admin</arg>
<arg>password=admin123</arg>
<doc>Creates and returns a dictionary based on the given ``items``.</doc>
<status status="PASS" start="2026-01-09T10:50:14.706850" elapsed="0.000100"/>
</kw>
<return>
<value>${JSON_BODY}</value>
<status status="PASS" start="2026-01-09T10:50:14.706975" elapsed="0.000017"/>
</return>
<msg time="2026-01-09T10:50:14.707042" level="INFO">${payload} = {'idEmployee': 'admin', 'password': 'admin123'}</msg>
<var>${payload}</var>
<status status="PASS" start="2026-01-09T10:50:14.706739" elapsed="0.000312"/>
</kw>
<kw name="Login - Success Not Register" owner="key_login">
<kw name="Set headers Login" owner="key_login">
<kw name="Create Dictionary" owner="BuiltIn">
<msg time="2026-01-09T10:50:14.707450" level="INFO">${headers} = {'timestamp': '1726033478', 'geolocation': '77665544332211', 'appsId': 'appsid'}</msg>
<var>${headers}</var>
<arg>timestamp=${TIMESTAMP}</arg>
<arg>geolocation=${GEOLOCATION}</arg>
<arg>appsId=${APPS_ID}</arg>
<doc>Creates and returns a dictionary based on the given ``items``.</doc>
<status status="PASS" start="2026-01-09T10:50:14.707336" elapsed="0.000124"/>
</kw>
<return>
<value>${headers}</value>
<status status="PASS" start="2026-01-09T10:50:14.707483" elapsed="0.000012"/>
</return>
<msg time="2026-01-09T10:50:14.707548" level="INFO">${header} = {'timestamp': '1726033478', 'geolocation': '77665544332211', 'appsId': 'appsid'}</msg>
<var>${header}</var>
<status status="PASS" start="2026-01-09T10:50:14.707254" elapsed="0.000304"/>
</kw>
<kw name="Create Session" owner="RequestsLibrary">
<msg time="2026-01-09T10:50:14.707699" level="INFO">Creating Session using : alias=LoginSuccessNotRegister, url=http://localhost:3006/v1/auth/login/notRegister, headers={},                     cookies={}, auth=None, timeout=None, proxies=None, verify=True,                     debug=0 </msg>
<arg>LoginSuccessNotRegister</arg>
<arg>${ENDPOINT_LOGIN_USER_NOT_REGISTER}</arg>
<arg>verify=${True}</arg>
<doc>Create Session: create a HTTP session to a server</doc>
<status status="PASS" start="2026-01-09T10:50:14.707602" elapsed="0.000173"/>
</kw>
<kw name="POST On Session" owner="RequestsLibrary">
<msg time="2026-01-09T10:50:14.715251" level="INFO">POST Request : url=http://localhost:3006/v1/auth/login/notRegister 
 path_url=/v1/auth/login/notRegister 
 headers={'User-Agent': 'python-requests/2.32.3', 'Accept-Encoding': 'gzip, deflate', 'Accept': '*/*', 'Connection': 'keep-alive', 'timestamp': '1726033478', 'geolocation': '77665544332211', 'appsId': 'appsid', 'Content-Length': '47', 'Content-Type': 'application/json'} 
 body=b'{"idEmployee": "admin", "password": "admin123"}' 
 </msg>
<msg time="2026-01-09T10:50:14.715315" level="INFO">POST Response : url=http://localhost:3006/v1/auth/login/notRegister 
 status=200, reason=OK 
 headers={'Content-Type': 'application/json; charset=utf-8', 'Access-Control-Allow-Origin': '*', 'Access-Control-Allow-Methods': 'GET,POST,PUT,PATCH,DELETE,HEAD,OPTIONS', 'Access-Control-Allow-Headers': 'Content-Type, Origin, Accept, Authorization, Content-Length, X-Requested-With', 'Content-Length': '90', 'Date': 'Fri, 09 Jan 2026 03:50:14 GMT', 'Connection': 'keep-alive', 'Keep-Alive': 'timeout=5'} 
 body={
    "responseCode": 200,
    "status": "Success",
    "message": "User Not Registered"
} 
 </msg>
<msg time="2026-01-09T10:50:14.715395" level="INFO">${response} = &lt;Response [200]&gt;</msg>
<var>${response}</var>
<arg>LoginSuccessNotRegister</arg>
<arg>${ENDPOINT_LOGIN_USER_NOT_REGISTER}</arg>
<arg>json=${payload}</arg>
<arg>headers=${header}</arg>
<doc>Sends a POST request on a previously created HTTP Session.</doc>
<status status="PASS" start="2026-01-09T10:50:14.707824" elapsed="0.007584"/>
</kw>
<kw name="Should Be Equal As Strings" owner="BuiltIn">
<msg time="2026-01-09T10:50:14.715924" level="INFO">Argument types are:
&lt;class 'int'&gt;
&lt;class 'str'&gt;</msg>
<arg>${response.status_code}</arg>
<arg>200</arg>
<doc>Fails if objects are unequal after converting them to strings.</doc>
<status status="PASS" start="2026-01-09T10:50:14.715517" elapsed="0.000438"/>
</kw>
<kw name="Log" owner="BuiltIn">
<msg time="2026-01-09T10:50:14.716080" level="INFO">&lt;Response [200]&gt;</msg>
<arg>${response}</arg>
<doc>Logs the given message with the given level.</doc>
<status status="PASS" start="2026-01-09T10:50:14.716020" elapsed="0.000079"/>
</kw>
<return>
<value>${response.json()}</value>
<status status="PASS" start="2026-01-09T10:50:14.716122" elapsed="0.000020"/>
</return>
<msg time="2026-01-09T10:50:14.716438" level="INFO">${response} = {'responseCode': 200, 'status': 'Success', 'message': 'User Not Registered'}</msg>
<var>${response}</var>
<arg>${payload}</arg>
<status status="PASS" start="2026-01-09T10:50:14.707138" elapsed="0.009313"/>
</kw>
<kw name="Log" owner="BuiltIn">
<msg time="2026-01-09T10:50:14.716614" level="INFO">Request Body: {'idEmployee': 'admin', 'password': 'admin123'}</msg>
<arg>Request Body: ${payload}</arg>
<doc>Logs the given message with the given level.</doc>
<status status="PASS" start="2026-01-09T10:50:14.716555" elapsed="0.000077"/>
</kw>
<kw name="Log" owner="BuiltIn">
<msg time="2026-01-09T10:50:14.716799" level="INFO">Response: {'responseCode': 200, 'status': 'Success', 'message': 'User Not Registered'}</msg>
<arg>Response: ${response}</arg>
<doc>Logs the given message with the given level.</doc>
<status status="PASS" start="2026-01-09T10:50:14.716704" elapsed="0.000112"/>
</kw>
<kw name="Should Be Equal As Integers" owner="BuiltIn">
<msg time="2026-01-09T10:50:14.717154" level="INFO">Argument types are:
&lt;class 'int'&gt;
&lt;class 'str'&gt;</msg>
<arg>${response['responseCode']}</arg>
<arg>200</arg>
<doc>Fails if objects are unequal after converting them to integers.</doc>
<status status="PASS" start="2026-01-09T10:50:14.716878" elapsed="0.000299"/>
</kw>
<kw name="Validate Login Account Not Registered Response" owner="login_response">
<kw name="Dictionary Should Contain Key" owner="Collections">
<arg>${response}</arg>
<arg>responseCode</arg>
<doc>Fails if ``key`` is not found from ``dictionary``.</doc>
<status status="PASS" start="2026-01-09T10:50:14.717693" elapsed="0.000058"/>
</kw>
<kw name="Dictionary Should Contain Key" owner="Collections">
<arg>${response}</arg>
<arg>status</arg>
<doc>Fails if ``key`` is not found from ``dictionary``.</doc>
<status status="PASS" start="2026-01-09T10:50:14.717794" elapsed="0.000048"/>
</kw>
<kw name="Dictionary Should Contain Key" owner="Collections">
<arg>${response}</arg>
<arg>message</arg>
<doc>Fails if ``key`` is not found from ``dictionary``.</doc>
<status status="PASS" start="2026-01-09T10:50:14.717882" elapsed="0.000050"/>
</kw>
<arg>${response}</arg>
<status status="PASS" start="2026-01-09T10:50:14.717270" elapsed="0.000686"/>
</kw>
<status status="PASS" start="2026-01-09T10:50:14.706541" elapsed="0.011478"/>
</test>
<test id="s1-s1-t3" name="TC03 Login - Invalid Header [400]" line="53">
<kw name="Request Body Login Success">
<kw name="Create Dictionary" owner="BuiltIn">
<msg time="2026-01-09T10:50:14.718504" level="INFO">${JSON_BODY} = {'idEmployee': 'admin', 'password': 'admin123'}</msg>
<var>${JSON_BODY}</var>
<arg>idEmployee=admin</arg>
<arg>password=admin123</arg>
<doc>Creates and returns a dictionary based on the given ``items``.</doc>
<status status="PASS" start="2026-01-09T10:50:14.718385" elapsed="0.000133"/>
</kw>
<return>
<value>${JSON_BODY}</value>
<status status="PASS" start="2026-01-09T10:50:14.718545" elapsed="0.000019"/>
</return>
<msg time="2026-01-09T10:50:14.718621" level="INFO">${payload} = {'idEmployee': 'admin', 'password': 'admin123'}</msg>
<var>${payload}</var>
<status status="PASS" start="2026-01-09T10:50:14.718293" elapsed="0.000346"/>
</kw>
<kw name="Login - Failed Header" owner="key_login">
<kw name="Set headers Login" owner="key_login">
<kw name="Create Dictionary" owner="BuiltIn">
<msg time="2026-01-09T10:50:14.719175" level="INFO">${headers} = {'timestamp': '1726033478', 'geolocation': '77665544332211', 'appsId': 'appsid'}</msg>
<var>${headers}</var>
<arg>timestamp=${TIMESTAMP}</arg>
<arg>geolocation=${GEOLOCATION}</arg>
<arg>appsId=${APPS_ID}</arg>
<doc>Creates and returns a dictionary based on the given ``items``.</doc>
<status status="PASS" start="2026-01-09T10:50:14.719052" elapsed="0.000140"/>
</kw>
<return>
<value>${headers}</value>
<status status="PASS" start="2026-01-09T10:50:14.719220" elapsed="0.000014"/>
</return>
<msg time="2026-01-09T10:50:14.719284" level="INFO">${header} = {'timestamp': '1726033478', 'geolocation': '77665544332211', 'appsId': 'appsid'}</msg>
<var>${header}</var>
<status status="PASS" start="2026-01-09T10:50:14.718928" elapsed="0.000368"/>
</kw>
<kw name="Create Session" owner="RequestsLibrary">
<msg time="2026-01-09T10:50:14.719432" level="INFO">Creating Session using : alias=LoginInvalidHeader, url=http://localhost:3006/v1/auth/login/failedHeader, headers={},                     cookies={}, auth=None, timeout=None, proxies=None, verify=True,                     debug=0 </msg>
<arg>LoginInvalidHeader</arg>
<arg>${ENDPOINT_INVALID_HEADER_LOGIN}</arg>
<arg>verify=${True}</arg>
<doc>Create Session: create a HTTP session to a server</doc>
<status status="PASS" start="2026-01-09T10:50:14.719341" elapsed="0.000160"/>
</kw>
<kw name="POST On Session" owner="RequestsLibrary">
<msg time="2026-01-09T10:50:14.727221" level="INFO">POST Request : url=http://localhost:3006/v1/auth/login/failedHeader 
 path_url=/v1/auth/login/failedHeader 
 headers={'User-Agent': 'python-requests/2.32.3', 'Accept-Encoding': 'gzip, deflate', 'Accept': '*/*', 'Connection': 'keep-alive', 'timestamp': '1726033478', 'geolocation': '77665544332211', 'appsId': 'appsid', 'Content-Length': '47', 'Content-Type': 'application/json'} 
 body=b'{"idEmployee": "admin", "password": "admin123"}' 
 </msg>
<msg time="2026-01-09T10:50:14.727272" level="INFO">POST Response : url=http://localhost:3006/v1/auth/login/failedHeader 
 status=200, reason=OK 
 headers={'Content-Type': 'application/json; charset=utf-8', 'Access-Control-Allow-Origin': '*', 'Access-Control-Allow-Methods': 'GET,POST,PUT,PATCH,DELETE,HEAD,OPTIONS', 'Access-Control-Allow-Headers': 'Content-Type, Origin, Accept, Authorization, Content-Length, X-Requested-With', 'Content-Length': '84', 'Date': 'Fri, 09 Jan 2026 03:50:14 GMT', 'Connection': 'keep-alive', 'Keep-Alive': 'timeout=5'} 
 body={
    "responseCode": 400,
    "status": "failed",
    "message": "Invalid Header"
} 
 </msg>
<msg time="2026-01-09T10:50:14.727350" level="INFO">${response} = &lt;Response [200]&gt;</msg>
<var>${response}</var>
<arg>LoginInvalidHeader</arg>
<arg>${ENDPOINT_INVALID_HEADER_LOGIN}</arg>
<arg>json=${payload}</arg>
<arg>headers=${header}</arg>
<doc>Sends a POST request on a previously created HTTP Session.</doc>
<status status="PASS" start="2026-01-09T10:50:14.719549" elapsed="0.007814"/>
</kw>
<kw name="Should Be Equal As Strings" owner="BuiltIn">
<msg time="2026-01-09T10:50:14.727847" level="INFO">Argument types are:
&lt;class 'int'&gt;
&lt;class 'str'&gt;</msg>
<arg>${response.status_code}</arg>
<arg>200</arg>
<doc>Fails if objects are unequal after converting them to strings.</doc>
<status status="PASS" start="2026-01-09T10:50:14.727457" elapsed="0.000413"/>
</kw>
<kw name="Log" owner="BuiltIn">
<msg time="2026-01-09T10:50:14.727966" level="INFO">&lt;Response [200]&gt;</msg>
<arg>${response}</arg>
<doc>Logs the given message with the given level.</doc>
<status status="PASS" start="2026-01-09T10:50:14.727920" elapsed="0.000063"/>
</kw>
<return>
<value>${response.json()}</value>
<status status="PASS" start="2026-01-09T10:50:14.728003" elapsed="0.000020"/>
</return>
<msg time="2026-01-09T10:50:14.728301" level="INFO">${response} = {'responseCode': 400, 'status': 'failed', 'message': 'Invalid Header'}</msg>
<var>${response}</var>
<arg>${payload}</arg>
<status status="PASS" start="2026-01-09T10:50:14.718793" elapsed="0.009519"/>
</kw>
<kw name="Log" owner="BuiltIn">
<msg time="2026-01-09T10:50:14.728460" level="INFO">Request Body: {'idEmployee': 'admin', 'password': 'admin123'}</msg>
<arg>Request Body: ${payload}</arg>
<doc>Logs the given message with the given level.</doc>
<status status="PASS" start="2026-01-09T10:50:14.728405" elapsed="0.000073"/>
</kw>
<kw name="Log" owner="BuiltIn">
<msg time="2026-01-09T10:50:14.728584" level="INFO">Response: {'responseCode': 400, 'status': 'failed', 'message': 'Invalid Header'}</msg>
<arg>Response: ${response}</arg>
<doc>Logs the given message with the given level.</doc>
<status status="PASS" start="2026-01-09T10:50:14.728537" elapsed="0.000061"/>
</kw>
<kw name="Should Be Equal As Integers" owner="BuiltIn">
<msg time="2026-01-09T10:50:14.728927" level="INFO">Argument types are:
&lt;class 'int'&gt;
&lt;class 'str'&gt;</msg>
<arg>${response['responseCode']}</arg>
<arg>400</arg>
<doc>Fails if objects are unequal after converting them to integers.</doc>
<status status="PASS" start="2026-01-09T10:50:14.728652" elapsed="0.000298"/>
</kw>
<kw name="Validate Login Account Not Registered Response" owner="login_response">
<kw name="Dictionary Should Contain Key" owner="Collections">
<arg>${response}</arg>
<arg>responseCode</arg>
<doc>Fails if ``key`` is not found from ``dictionary``.</doc>
<status status="PASS" start="2026-01-09T10:50:14.729257" elapsed="0.000056"/>
</kw>
<kw name="Dictionary Should Contain Key" owner="Collections">
<arg>${response}</arg>
<arg>status</arg>
<doc>Fails if ``key`` is not found from ``dictionary``.</doc>
<status status="PASS" start="2026-01-09T10:50:14.729404" elapsed="0.000053"/>
</kw>
<kw name="Dictionary Should Contain Key" owner="Collections">
<arg>${response}</arg>
<arg>message</arg>
<doc>Fails if ``key`` is not found from ``dictionary``.</doc>
<status status="PASS" start="2026-01-09T10:50:14.729498" elapsed="0.000046"/>
</kw>
<arg>${response}</arg>
<status status="PASS" start="2026-01-09T10:50:14.729120" elapsed="0.000447"/>
</kw>
<status status="PASS" start="2026-01-09T10:50:14.718127" elapsed="0.011522"/>
</test>
<test id="s1-s1-t4" name="TC04 Login - Empty Request Body [400]" line="61">
<kw name="Request Body Login Empty">
<kw name="Create Dictionary" owner="BuiltIn">
<msg time="2026-01-09T10:50:14.730542" level="INFO">${JSON_BODY} = {'idEmployee': '', 'password': ''}</msg>
<var>${JSON_BODY}</var>
<arg>idEmployee=${EMPTY}</arg>
<arg>password=${EMPTY}</arg>
<doc>Creates and returns a dictionary based on the given ``items``.</doc>
<status status="PASS" start="2026-01-09T10:50:14.730037" elapsed="0.000519"/>
</kw>
<return>
<value>${JSON_BODY}</value>
<status status="PASS" start="2026-01-09T10:50:14.730584" elapsed="0.000020"/>
</return>
<msg time="2026-01-09T10:50:14.730662" level="INFO">${payload} = {'idEmployee': '', 'password': ''}</msg>
<var>${payload}</var>
<status status="PASS" start="2026-01-09T10:50:14.729944" elapsed="0.000729"/>
</kw>
<kw name="Login - RequestBody Is Empty" owner="key_login">
<kw name="Set headers Login" owner="key_login">
<kw name="Create Dictionary" owner="BuiltIn">
<msg time="2026-01-09T10:50:14.731110" level="INFO">${headers} = {'timestamp': '1726033478', 'geolocation': '77665544332211', 'appsId': 'appsid'}</msg>
<var>${headers}</var>
<arg>timestamp=${TIMESTAMP}</arg>
<arg>geolocation=${GEOLOCATION}</arg>
<arg>appsId=${APPS_ID}</arg>
<doc>Creates and returns a dictionary based on the given ``items``.</doc>
<status status="PASS" start="2026-01-09T10:50:14.730993" elapsed="0.000128"/>
</kw>
<return>
<value>${headers}</value>
<status status="PASS" start="2026-01-09T10:50:14.731142" elapsed="0.000011"/>
</return>
<msg time="2026-01-09T10:50:14.731198" level="INFO">${header} = {'timestamp': '1726033478', 'geolocation': '77665544332211', 'appsId': 'appsid'}</msg>
<var>${header}</var>
<status status="PASS" start="2026-01-09T10:50:14.730905" elapsed="0.000302"/>
</kw>
<kw name="Create Session" owner="RequestsLibrary">
<msg time="2026-01-09T10:50:14.731344" level="INFO">Creating Session using : alias=LoginSuccessRequestBodyIsEmpty, url=http://localhost:3006/v1/auth/login/requestBodyIsEmpty, headers={},                     cookies={}, auth=None, timeout=None, proxies=None, verify=True,                     debug=0 </msg>
<arg>LoginSuccessRequestBodyIsEmpty</arg>
<arg>${ENDPOINT_LOGIN_REQUEST_MANDATORY}</arg>
<arg>verify=${True}</arg>
<doc>Create Session: create a HTTP session to a server</doc>
<status status="PASS" start="2026-01-09T10:50:14.731251" elapsed="0.000166"/>
</kw>
<kw name="POST On Session" owner="RequestsLibrary">
<msg time="2026-01-09T10:50:14.736797" level="INFO">POST Request : url=http://localhost:3006/v1/auth/login/requestBodyIsEmpty 
 path_url=/v1/auth/login/requestBodyIsEmpty 
 headers={'User-Agent': 'python-requests/2.32.3', 'Accept-Encoding': 'gzip, deflate', 'Accept': '*/*', 'Connection': 'keep-alive', 'timestamp': '1726033478', 'geolocation': '77665544332211', 'appsId': 'appsid', 'Content-Length': '34', 'Content-Type': 'application/json'} 
 body=b'{"idEmployee": "", "password": ""}' 
 </msg>
<msg time="2026-01-09T10:50:14.737031" level="INFO">POST Response : url=http://localhost:3006/v1/auth/login/requestBodyIsEmpty 
 status=200, reason=OK 
 headers={'Content-Type': 'application/json; charset=utf-8', 'Access-Control-Allow-Origin': '*', 'Access-Control-Allow-Methods': 'GET,POST,PUT,PATCH,DELETE,HEAD,OPTIONS', 'Access-Control-Allow-Headers': 'Content-Type, Origin, Accept, Authorization, Content-Length, X-Requested-With', 'Content-Length': '86', 'Date': 'Fri, 09 Jan 2026 03:50:14 GMT', 'Connection': 'keep-alive', 'Keep-Alive': 'timeout=5'} 
 body={
    "responseCode": 400,
    "status": "failed",
    "message": "Payload is empty"
} 
 </msg>
<msg time="2026-01-09T10:50:14.737199" level="INFO">${response} = &lt;Response [200]&gt;</msg>
<var>${response}</var>
<arg>LoginSuccessRequestBodyIsEmpty</arg>
<arg>${ENDPOINT_LOGIN_REQUEST_MANDATORY}</arg>
<arg>json=${payload}</arg>
<arg>headers=${header}</arg>
<doc>Sends a POST request on a previously created HTTP Session.</doc>
<status status="PASS" start="2026-01-09T10:50:14.731470" elapsed="0.005746"/>
</kw>
<kw name="Should Be Equal As Strings" owner="BuiltIn">
<msg time="2026-01-09T10:50:14.737967" level="INFO">Argument types are:
&lt;class 'int'&gt;
&lt;class 'str'&gt;</msg>
<arg>${response.status_code}</arg>
<arg>200</arg>
<doc>Fails if objects are unequal after converting them to strings.</doc>
<status status="PASS" start="2026-01-09T10:50:14.737320" elapsed="0.000674"/>
</kw>
<kw name="Log" owner="BuiltIn">
<msg time="2026-01-09T10:50:14.738161" level="INFO">&lt;Response [200]&gt;</msg>
<arg>${response}</arg>
<doc>Logs the given message with the given level.</doc>
<status status="PASS" start="2026-01-09T10:50:14.738053" elapsed="0.000135"/>
</kw>
<return>
<value>${response.json()}</value>
<status status="PASS" start="2026-01-09T10:50:14.738217" elapsed="0.000024"/>
</return>
<msg time="2026-01-09T10:50:14.738547" level="INFO">${response} = {'responseCode': 400, 'status': 'failed', 'message': 'Payload is empty'}</msg>
<var>${response}</var>
<arg>${payload}</arg>
<status status="PASS" start="2026-01-09T10:50:14.730777" elapsed="0.007783"/>
</kw>
<kw name="Log" owner="BuiltIn">
<msg time="2026-01-09T10:50:14.738742" level="INFO">Response: {'responseCode': 400, 'status': 'failed', 'message': 'Payload is empty'}</msg>
<arg>Response: ${response}</arg>
<doc>Logs the given message with the given level.</doc>
<status status="PASS" start="2026-01-09T10:50:14.738679" elapsed="0.000081"/>
</kw>
<kw name="Should Be Equal As Integers" owner="BuiltIn">
<msg time="2026-01-09T10:50:14.739130" level="INFO">Argument types are:
&lt;class 'int'&gt;
&lt;class 'str'&gt;</msg>
<arg>${response['responseCode']}</arg>
<arg>400</arg>
<doc>Fails if objects are unequal after converting them to integers.</doc>
<status status="PASS" start="2026-01-09T10:50:14.738829" elapsed="0.000325"/>
</kw>
<kw name="Validate Login Error 401 Response" owner="login_response">
<kw name="Dictionary Should Contain Key" owner="Collections">
<arg>${response}</arg>
<arg>responseCode</arg>
<doc>Fails if ``key`` is not found from ``dictionary``.</doc>
<status status="PASS" start="2026-01-09T10:50:14.739401" elapsed="0.000056"/>
</kw>
<kw name="Dictionary Should Contain Key" owner="Collections">
<arg>${response}</arg>
<arg>status</arg>
<doc>Fails if ``key`` is not found from ``dictionary``.</doc>
<status status="PASS" start="2026-01-09T10:50:14.739499" elapsed="0.000049"/>
</kw>
<kw name="Dictionary Should Contain Key" owner="Collections">
<arg>${response}</arg>
<arg>message</arg>
<doc>Fails if ``key`` is not found from ``dictionary``.</doc>
<status status="PASS" start="2026-01-09T10:50:14.739589" elapsed="0.000046"/>
</kw>
<arg>${response}</arg>
<status status="PASS" start="2026-01-09T10:50:14.739270" elapsed="0.000387"/>
</kw>
<status status="PASS" start="2026-01-09T10:50:14.729778" elapsed="0.009945"/>
</test>
<test id="s1-s1-t5" name="TC05 Login - Failed Password or User Name [401]" line="68">
<kw name="Request Body Login Success">
<kw name="Create Dictionary" owner="BuiltIn">
<msg time="2026-01-09T10:50:14.740162" level="INFO">${JSON_BODY} = {'idEmployee': 'admin', 'password': 'admin123'}</msg>
<var>${JSON_BODY}</var>
<arg>idEmployee=admin</arg>
<arg>password=admin123</arg>
<doc>Creates and returns a dictionary based on the given ``items``.</doc>
<status status="PASS" start="2026-01-09T10:50:14.740081" elapsed="0.000093"/>
</kw>
<return>
<value>${JSON_BODY}</value>
<status status="PASS" start="2026-01-09T10:50:14.740195" elapsed="0.000015"/>
</return>
<msg time="2026-01-09T10:50:14.740309" level="INFO">${payload} = {'idEmployee': 'admin', 'password': 'admin123'}</msg>
<var>${payload}</var>
<status status="PASS" start="2026-01-09T10:50:14.739990" elapsed="0.000330"/>
</kw>
<kw name="Login - Failed 401" owner="key_login">
<kw name="Set headers Login" owner="key_login">
<kw name="Create Dictionary" owner="BuiltIn">
<msg time="2026-01-09T10:50:14.740711" level="INFO">${headers} = {'timestamp': '1726033478', 'geolocation': '77665544332211', 'appsId': 'appsid'}</msg>
<var>${headers}</var>
<arg>timestamp=${TIMESTAMP}</arg>
<arg>geolocation=${GEOLOCATION}</arg>
<arg>appsId=${APPS_ID}</arg>
<doc>Creates and returns a dictionary based on the given ``items``.</doc>
<status status="PASS" start="2026-01-09T10:50:14.740601" elapsed="0.000121"/>
</kw>
<return>
<value>${headers}</value>
<status status="PASS" start="2026-01-09T10:50:14.740742" elapsed="0.000012"/>
</return>
<msg time="2026-01-09T10:50:14.740800" level="INFO">${header} = {'timestamp': '1726033478', 'geolocation': '77665544332211', 'appsId': 'appsid'}</msg>
<var>${header}</var>
<status status="PASS" start="2026-01-09T10:50:14.740518" elapsed="0.000291"/>
</kw>
<kw name="Create Session" owner="RequestsLibrary">
<msg time="2026-01-09T10:50:14.740936" level="INFO">Creating Session using : alias=LoginSuccess401, url=http://localhost:3006/v1/auth/login/401, headers={},                     cookies={}, auth=None, timeout=None, proxies=None, verify=True,                     debug=0 </msg>
<arg>LoginSuccess401</arg>
<arg>${ENDPOINT_LOGIN_401}</arg>
<arg>verify=${True}</arg>
<doc>Create Session: create a HTTP session to a server</doc>
<status status="PASS" start="2026-01-09T10:50:14.740852" elapsed="0.000160"/>
</kw>
<kw name="POST On Session" owner="RequestsLibrary">
<msg time="2026-01-09T10:50:14.747203" level="INFO">POST Request : url=http://localhost:3006/v1/auth/login/401 
 path_url=/v1/auth/login/401 
 headers={'User-Agent': 'python-requests/2.32.3', 'Accept-Encoding': 'gzip, deflate', 'Accept': '*/*', 'Connection': 'keep-alive', 'timestamp': '1726033478', 'geolocation': '77665544332211', 'appsId': 'appsid', 'Content-Length': '47', 'Content-Type': 'application/json'} 
 body=b'{"idEmployee": "admin", "password": "admin123"}' 
 </msg>
<msg time="2026-01-09T10:50:14.747251" level="INFO">POST Response : url=http://localhost:3006/v1/auth/login/401 
 status=200, reason=OK 
 headers={'Content-Type': 'application/json; charset=utf-8', 'Access-Control-Allow-Origin': '*', 'Access-Control-Allow-Methods': 'GET,POST,PUT,PATCH,DELETE,HEAD,OPTIONS', 'Access-Control-Allow-Headers': 'Content-Type, Origin, Accept, Authorization, Content-Length, X-Requested-With', 'Content-Length': '92', 'Date': 'Fri, 09 Jan 2026 03:50:14 GMT', 'Connection': 'keep-alive', 'Keep-Alive': 'timeout=5'} 
 body={
  "responseCode": 401,
  "status": "failed",
  "message": "Username atau password salah"
} 
 </msg>
<msg time="2026-01-09T10:50:14.747311" level="INFO">${response} = &lt;Response [200]&gt;</msg>
<var>${response}</var>
<arg>LoginSuccess401</arg>
<arg>${ENDPOINT_LOGIN_401}</arg>
<arg>json=${payload}</arg>
<arg>headers=${header}</arg>
<doc>Sends a POST request on a previously created HTTP Session.</doc>
<status status="PASS" start="2026-01-09T10:50:14.741059" elapsed="0.006263"/>
</kw>
<kw name="Should Be Equal As Strings" owner="BuiltIn">
<msg time="2026-01-09T10:50:14.747790" level="INFO">Argument types are:
&lt;class 'int'&gt;
&lt;class 'str'&gt;</msg>
<arg>${response.status_code}</arg>
<arg>200</arg>
<doc>Fails if objects are unequal after converting them to strings.</doc>
<status status="PASS" start="2026-01-09T10:50:14.747406" elapsed="0.000413"/>
</kw>
<kw name="Log" owner="BuiltIn">
<msg time="2026-01-09T10:50:14.747933" level="INFO">&lt;Response [200]&gt;</msg>
<arg>${response}</arg>
<doc>Logs the given message with the given level.</doc>
<status status="PASS" start="2026-01-09T10:50:14.747878" elapsed="0.000072"/>
</kw>
<return>
<value>${response.json()}</value>
<status status="PASS" start="2026-01-09T10:50:14.747973" elapsed="0.000019"/>
</return>
<msg time="2026-01-09T10:50:14.748276" level="INFO">${response} = {'responseCode': 401, 'status': 'failed', 'message': 'Username atau password salah'}</msg>
<var>${response}</var>
<arg>${payload}</arg>
<status status="PASS" start="2026-01-09T10:50:14.740403" elapsed="0.007885"/>
</kw>
<kw name="Log" owner="BuiltIn">
<msg time="2026-01-09T10:50:14.748449" level="INFO">Response: {'responseCode': 401, 'status': 'failed', 'message': 'Username atau password salah'}</msg>
<arg>Response: ${response}</arg>
<doc>Logs the given message with the given level.</doc>
<status status="PASS" start="2026-01-09T10:50:14.748391" elapsed="0.000075"/>
</kw>
<kw name="Should Be Equal As Integers" owner="BuiltIn">
<msg time="2026-01-09T10:50:14.748817" level="INFO">Argument types are:
&lt;class 'int'&gt;
&lt;class 'str'&gt;</msg>
<arg>${response['responseCode']}</arg>
<arg>401</arg>
<doc>Fails if objects are unequal after converting them to integers.</doc>
<status status="PASS" start="2026-01-09T10:50:14.748535" elapsed="0.000305"/>
</kw>
<kw name="Validate Login Error 401 Response" owner="login_response">
<kw name="Dictionary Should Contain Key" owner="Collections">
<arg>${response}</arg>
<arg>responseCode</arg>
<doc>Fails if ``key`` is not found from ``dictionary``.</doc>
<status status="PASS" start="2026-01-09T10:50:14.749060" elapsed="0.000054"/>
</kw>
<kw name="Dictionary Should Contain Key" owner="Collections">
<arg>${response}</arg>
<arg>status</arg>
<doc>Fails if ``key`` is not found from ``dictionary``.</doc>
<status status="PASS" start="2026-01-09T10:50:14.749154" elapsed="0.000044"/>
</kw>
<kw name="Dictionary Should Contain Key" owner="Collections">
<arg>${response}</arg>
<arg>message</arg>
<doc>Fails if ``key`` is not found from ``dictionary``.</doc>
<status status="PASS" start="2026-01-09T10:50:14.749237" elapsed="0.000045"/>
</kw>
<arg>${response}</arg>
<status status="PASS" start="2026-01-09T10:50:14.748941" elapsed="0.000362"/>
</kw>
<status status="PASS" start="2026-01-09T10:50:14.739821" elapsed="0.009542"/>
</test>
<test id="s1-s1-t6" name="TC06 Login - Timeout [504]" line="75">
<kw name="Request Body Login Success">
<kw name="Create Dictionary" owner="BuiltIn">
<msg time="2026-01-09T10:50:14.749861" level="INFO">${JSON_BODY} = {'idEmployee': 'admin', 'password': 'admin123'}</msg>
<var>${JSON_BODY}</var>
<arg>idEmployee=admin</arg>
<arg>password=admin123</arg>
<doc>Creates and returns a dictionary based on the given ``items``.</doc>
<status status="PASS" start="2026-01-09T10:50:14.749771" elapsed="0.000104"/>
</kw>
<return>
<value>${JSON_BODY}</value>
<status status="PASS" start="2026-01-09T10:50:14.749900" elapsed="0.000023"/>
</return>
<msg time="2026-01-09T10:50:14.749977" level="INFO">${payload} = {'idEmployee': 'admin', 'password': 'admin123'}</msg>
<var>${payload}</var>
<status status="PASS" start="2026-01-09T10:50:14.749651" elapsed="0.000336"/>
</kw>
<kw name="Login - Timeout 504" owner="key_login">
<kw name="Set headers Login" owner="key_login">
<kw name="Create Dictionary" owner="BuiltIn">
<msg time="2026-01-09T10:50:14.750398" level="INFO">${headers} = {'timestamp': '1726033478', 'geolocation': '77665544332211', 'appsId': 'appsid'}</msg>
<var>${headers}</var>
<arg>timestamp=${TIMESTAMP}</arg>
<arg>geolocation=${GEOLOCATION}</arg>
<arg>appsId=${APPS_ID}</arg>
<doc>Creates and returns a dictionary based on the given ``items``.</doc>
<status status="PASS" start="2026-01-09T10:50:14.750285" elapsed="0.000124"/>
</kw>
<return>
<value>${headers}</value>
<status status="PASS" start="2026-01-09T10:50:14.750430" elapsed="0.000012"/>
</return>
<msg time="2026-01-09T10:50:14.750484" level="INFO">${header} = {'timestamp': '1726033478', 'geolocation': '77665544332211', 'appsId': 'appsid'}</msg>
<var>${header}</var>
<status status="PASS" start="2026-01-09T10:50:14.750201" elapsed="0.000292"/>
</kw>
<kw name="Create Session" owner="RequestsLibrary">
<msg time="2026-01-09T10:50:14.750623" level="INFO">Creating Session using : alias=LoginTimeout, url=http://localhost:3006/v1/auth/login/504, headers={},                     cookies={}, auth=None, timeout=None, proxies=None, verify=True,                     debug=0 </msg>
<arg>LoginTimeout</arg>
<arg>${ENDPOINT_LOGIN_504}</arg>
<arg>verify=${True}</arg>
<doc>Create Session: create a HTTP session to a server</doc>
<status status="PASS" start="2026-01-09T10:50:14.750536" elapsed="0.000212"/>
</kw>
<kw name="POST On Session" owner="RequestsLibrary">
<msg time="2026-01-09T10:50:14.756956" level="INFO">POST Request : url=http://localhost:3006/v1/auth/login/504 
 path_url=/v1/auth/login/504 
 headers={'User-Agent': 'python-requests/2.32.3', 'Accept-Encoding': 'gzip, deflate', 'Accept': '*/*', 'Connection': 'keep-alive', 'timestamp': '1726033478', 'geolocation': '77665544332211', 'appsId': 'appsid', 'Content-Length': '47', 'Content-Type': 'application/json'} 
 body=b'{"idEmployee": "admin", "password": "admin123"}' 
 </msg>
<msg time="2026-01-09T10:50:14.757005" level="INFO">POST Response : url=http://localhost:3006/v1/auth/login/504 
 status=200, reason=OK 
 headers={'Content-Type': 'application/json; charset=utf-8', 'Access-Control-Allow-Origin': '*', 'Access-Control-Allow-Methods': 'GET,POST,PUT,PATCH,DELETE,HEAD,OPTIONS', 'Access-Control-Allow-Headers': 'Content-Type, Origin, Accept, Authorization, Content-Length, X-Requested-With', 'Content-Length': '102', 'Date': 'Fri, 09 Jan 2026 03:50:14 GMT', 'Connection': 'keep-alive', 'Keep-Alive': 'timeout=5'} 
 body={
  "responseCode": 504,
  "status": "error",
  "message": "Auth service is temporarily unavailable"
} 
 </msg>
<msg time="2026-01-09T10:50:14.757080" level="INFO">${response} = &lt;Response [200]&gt;</msg>
<var>${response}</var>
<arg>LoginTimeout</arg>
<arg>${ENDPOINT_LOGIN_504}</arg>
<arg>json=${payload}</arg>
<arg>headers=${header}</arg>
<doc>Sends a POST request on a previously created HTTP Session.</doc>
<status status="PASS" start="2026-01-09T10:50:14.750798" elapsed="0.006294"/>
</kw>
<kw name="Should Be Equal As Strings" owner="BuiltIn">
<msg time="2026-01-09T10:50:14.757506" level="INFO">Argument types are:
&lt;class 'int'&gt;
&lt;class 'str'&gt;</msg>
<arg>${response.status_code}</arg>
<arg>200</arg>
<doc>Fails if objects are unequal after converting them to strings.</doc>
<status status="PASS" start="2026-01-09T10:50:14.757180" elapsed="0.000348"/>
</kw>
<kw name="Log" owner="BuiltIn">
<msg time="2026-01-09T10:50:14.757620" level="INFO">&lt;Response [200]&gt;</msg>
<arg>${response}</arg>
<doc>Logs the given message with the given level.</doc>
<status status="PASS" start="2026-01-09T10:50:14.757575" elapsed="0.000062"/>
</kw>
<return>
<value>${response.json()}</value>
<status status="PASS" start="2026-01-09T10:50:14.757658" elapsed="0.000019"/>
</return>
<msg time="2026-01-09T10:50:14.757949" level="INFO">${response} = {'responseCode': 504, 'status': 'error', 'message': 'Auth service is temporarily unavailable'}</msg>
<var>${response}</var>
<arg>${payload}</arg>
<status status="PASS" start="2026-01-09T10:50:14.750083" elapsed="0.007877"/>
</kw>
<kw name="Log" owner="BuiltIn">
<msg time="2026-01-09T10:50:14.758091" level="INFO">Response: {'responseCode': 504, 'status': 'error', 'message': 'Auth service is temporarily unavailable'}</msg>
<arg>Response: ${response}</arg>
<doc>Logs the given message with the given level.</doc>
<status status="PASS" start="2026-01-09T10:50:14.758043" elapsed="0.000063"/>
</kw>
<kw name="Should Be Equal As Integers" owner="BuiltIn">
<msg time="2026-01-09T10:50:14.758417" level="INFO">Argument types are:
&lt;class 'int'&gt;
&lt;class 'str'&gt;</msg>
<arg>${response['responseCode']}</arg>
<arg>504</arg>
<doc>Fails if objects are unequal after converting them to integers.</doc>
<status status="PASS" start="2026-01-09T10:50:14.758161" elapsed="0.000276"/>
</kw>
<kw name="Validate Login Error 504 Response" owner="login_response">
<kw name="Dictionary Should Contain Key" owner="Collections">
<arg>${response}</arg>
<arg>responseCode</arg>
<doc>Fails if ``key`` is not found from ``dictionary``.</doc>
<status status="PASS" start="2026-01-09T10:50:14.758639" elapsed="0.000054"/>
</kw>
<kw name="Dictionary Should Contain Key" owner="Collections">
<arg>${response}</arg>
<arg>status</arg>
<doc>Fails if ``key`` is not found from ``dictionary``.</doc>
<status status="PASS" start="2026-01-09T10:50:14.758732" elapsed="0.000048"/>
</kw>
<kw name="Dictionary Should Contain Key" owner="Collections">
<arg>${response}</arg>
<arg>message</arg>
<doc>Fails if ``key`` is not found from ``dictionary``.</doc>
<status status="PASS" start="2026-01-09T10:50:14.758818" elapsed="0.000043"/>
</kw>
<arg>${response}</arg>
<status status="PASS" start="2026-01-09T10:50:14.758526" elapsed="0.000356"/>
</kw>
<status status="PASS" start="2026-01-09T10:50:14.749462" elapsed="0.009476"/>
</test>
<status status="PASS" start="2026-01-09T10:50:14.452956" elapsed="0.306188"/>
</suite>
<suite id="s1-s2" name="Product" source="/Users/achmadzayadi/Desktop/automation-learning/automation-cashier/test/product.robot">
<test id="s1-s2-t1" name="TC07 Product List - Success [200]" line="10">
<kw name="Product List - Success" owner="key_product">
<kw name="Set headers Product" owner="key_product">
<kw name="Create Dictionary" owner="BuiltIn">
<msg time="2026-01-09T10:50:14.769417" level="INFO">${headers} = {'timestamp': '1726033478', 'geolocation': '77665544332211', 'appsId': 'appsid'}</msg>
<var>${headers}</var>
<arg>timestamp=${TIMESTAMP}</arg>
<arg>geolocation=${GEOLOCATION}</arg>
<arg>appsId=${APPS_ID}</arg>
<doc>Creates and returns a dictionary based on the given ``items``.</doc>
<status status="PASS" start="2026-01-09T10:50:14.769222" elapsed="0.000215"/>
</kw>
<return>
<value>${headers}</value>
<status status="PASS" start="2026-01-09T10:50:14.769473" elapsed="0.000023"/>
</return>
<msg time="2026-01-09T10:50:14.769553" level="INFO">${header} = {'timestamp': '1726033478', 'geolocation': '77665544332211', 'appsId': 'appsid'}</msg>
<var>${header}</var>
<status status="PASS" start="2026-01-09T10:50:14.768923" elapsed="0.000641"/>
</kw>
<kw name="Create Session" owner="RequestsLibrary">
<msg time="2026-01-09T10:50:14.769725" level="INFO">Creating Session using : alias=ProductListSuccess, url=http://localhost:3006/v1/products, headers={},                     cookies={}, auth=None, timeout=None, proxies=None, verify=True,                     debug=0 </msg>
<arg>ProductListSuccess</arg>
<arg>${ENDPOINT_LIST_PRODUCT}</arg>
<arg>verify=${True}</arg>
<doc>Create Session: create a HTTP session to a server</doc>
<status status="PASS" start="2026-01-09T10:50:14.769623" elapsed="0.000183"/>
</kw>
<kw name="GET On Session" owner="RequestsLibrary">
<msg time="2026-01-09T10:50:14.778917" level="INFO">GET Request : url=http://localhost:3006/v1/products 
 path_url=/v1/products 
 headers={'User-Agent': 'python-requests/2.32.3', 'Accept-Encoding': 'gzip, deflate', 'Accept': '*/*', 'Connection': 'keep-alive', 'timestamp': '1726033478', 'geolocation': '77665544332211', 'appsId': 'appsid'} 
 body=None 
 </msg>
<msg time="2026-01-09T10:50:14.778968" level="INFO">GET Response : url=http://localhost:3006/v1/products 
 status=200, reason=OK 
 headers={'Content-Type': 'application/json; charset=utf-8', 'Access-Control-Allow-Origin': '*', 'Access-Control-Allow-Methods': 'GET,POST,PUT,PATCH,DELETE,HEAD,OPTIONS', 'Access-Control-Allow-Headers': 'Content-Type, Origin, Accept, Authorization, Content-Length, X-Requested-With', 'Content-Length': '470', 'Date': 'Fri, 09 Jan 2026 03:50:14 GMT', 'Connection': 'keep-alive', 'Keep-Alive': 'timeout=5'} 
 body={
  "responseCode": 200,
  "status": "success",
  "data": [
    {
      "id": "P01",
      "name": "Espresso",
      "price": 20000
    },
    {
      "id": "P02",
      "name": "Latte",
      "price": 25000
    },
    {
      "id": "P03",
      "name": "Amerikano",
      "price": 23000
    },
    {
      "id": "P04",
      "name": "KopiSusu Gula Merah",
      "price": 21000
    },
    {
      "id": "P05",
      "name": "Kopi Putih",
      "price": 24000
    }
  ]
} 
 </msg>
<msg time="2026-01-09T10:50:14.779040" level="INFO">${response} = &lt;Response [200]&gt;</msg>
<var>${response}</var>
<arg>ProductListSuccess</arg>
<arg>${ENDPOINT_LIST_PRODUCT}</arg>
<arg>headers=${header}</arg>
<doc>Sends a GET request on a previously created HTTP Session.</doc>
<status status="PASS" start="2026-01-09T10:50:14.769862" elapsed="0.009209"/>
</kw>
<kw name="Should Be Equal As Strings" owner="BuiltIn">
<msg time="2026-01-09T10:50:14.779847" level="INFO">Argument types are:
&lt;class 'int'&gt;
&lt;class 'str'&gt;</msg>
<arg>${response.status_code}</arg>
<arg>200</arg>
<doc>Fails if objects are unequal after converting them to strings.</doc>
<status status="PASS" start="2026-01-09T10:50:14.779281" elapsed="0.000594"/>
</kw>
<kw name="Log" owner="BuiltIn">
<msg time="2026-01-09T10:50:14.780044" level="INFO">&lt;Response [200]&gt;</msg>
<arg>${response}</arg>
<doc>Logs the given message with the given level.</doc>
<status status="PASS" start="2026-01-09T10:50:14.779942" elapsed="0.000127"/>
</kw>
<return>
<value>${response.json()}</value>
<status status="PASS" start="2026-01-09T10:50:14.780105" elapsed="0.000025"/>
</return>
<msg time="2026-01-09T10:50:14.780462" level="INFO">${response} = {'responseCode': 200, 'status': 'success', 'data': [{'id': 'P01', 'name': 'Espresso', 'price': 20000}, {'id': 'P02', 'name': 'Latte', 'price': 25000}, {'id': 'P03', 'name': 'Amerikano', 'price': 23000...</msg>
<var>${response}</var>
<status status="PASS" start="2026-01-09T10:50:14.768510" elapsed="0.011967"/>
</kw>
<kw name="Log" owner="BuiltIn">
<msg time="2026-01-09T10:50:14.780656" level="INFO">Response: {'responseCode': 200, 'status': 'success', 'data': [{'id': 'P01', 'name': 'Espresso', 'price': 20000}, {'id': 'P02', 'name': 'Latte', 'price': 25000}, {'id': 'P03', 'name': 'Amerikano', 'price': 23000}, {'id': 'P04', 'name': 'KopiSusu Gula Merah', 'price': 21000}, {'id': 'P05', 'name': 'Kopi Putih', 'price': 24000}]}</msg>
<arg>Response: ${response}</arg>
<doc>Logs the given message with the given level.</doc>
<status status="PASS" start="2026-01-09T10:50:14.780588" elapsed="0.000088"/>
</kw>
<kw name="Should Be Equal As Integers" owner="BuiltIn">
<msg time="2026-01-09T10:50:14.781021" level="INFO">Argument types are:
&lt;class 'int'&gt;
&lt;class 'str'&gt;</msg>
<arg>${response['responseCode']}</arg>
<arg>200</arg>
<doc>Fails if objects are unequal after converting them to integers.</doc>
<status status="PASS" start="2026-01-09T10:50:14.780743" elapsed="0.000302"/>
</kw>
<kw name="Validate List Product Response Success" owner="product_response">
<kw name="Dictionary Should Contain Key" owner="Collections">
<arg>${response}</arg>
<arg>responseCode</arg>
<doc>Fails if ``key`` is not found from ``dictionary``.</doc>
<status status="PASS" start="2026-01-09T10:50:14.781315" elapsed="0.000059"/>
</kw>
<kw name="Dictionary Should Contain Key" owner="Collections">
<arg>${response}</arg>
<arg>status</arg>
<doc>Fails if ``key`` is not found from ``dictionary``.</doc>
<status status="PASS" start="2026-01-09T10:50:14.781417" elapsed="0.000050"/>
</kw>
<kw name="Dictionary Should Contain Key" owner="Collections">
<arg>${response}</arg>
<arg>data</arg>
<doc>Fails if ``key`` is not found from ``dictionary``.</doc>
<status status="PASS" start="2026-01-09T10:50:14.781507" elapsed="0.000044"/>
</kw>
<kw name="Should Be Equal As Integers" owner="BuiltIn">
<msg time="2026-01-09T10:50:14.781855" level="INFO">Argument types are:
&lt;class 'int'&gt;
&lt;class 'str'&gt;</msg>
<arg>${response['responseCode']}</arg>
<arg>200</arg>
<doc>Fails if objects are unequal after converting them to integers.</doc>
<status status="PASS" start="2026-01-09T10:50:14.781590" elapsed="0.000287"/>
</kw>
<kw name="Should Be Equal As Strings" owner="BuiltIn">
<arg>${response['status']}</arg>
<arg>success</arg>
<doc>Fails if objects are unequal after converting them to strings.</doc>
<status status="PASS" start="2026-01-09T10:50:14.781920" elapsed="0.000253"/>
</kw>
<kw name="Set Variable" owner="BuiltIn">
<msg time="2026-01-09T10:50:14.782461" level="INFO">${products} = [{'id': 'P01', 'name': 'Espresso', 'price': 20000}, {'id': 'P02', 'name': 'Latte', 'price': 25000}, {'id': 'P03', 'name': 'Amerikano', 'price': 23000}, {'id': 'P04', 'name': 'KopiSusu Gula Merah', 'pr...</msg>
<var>${products}</var>
<arg>${response['data']}</arg>
<doc>Returns the given values which can then be assigned to a variables.</doc>
<status status="PASS" start="2026-01-09T10:50:14.782218" elapsed="0.000255"/>
</kw>
<kw name="Should Not Be Empty" owner="BuiltIn">
<msg time="2026-01-09T10:50:14.782559" level="INFO">Length is 5.</msg>
<arg>${products}</arg>
<doc>Verifies that the given item is not empty.</doc>
<status status="PASS" start="2026-01-09T10:50:14.782514" elapsed="0.000060"/>
</kw>
<for flavor="IN">
<iter>
<kw name="Dictionary Should Contain Key" owner="Collections">
<arg>${product}</arg>
<arg>id</arg>
<doc>Fails if ``key`` is not found from ``dictionary``.</doc>
<status status="PASS" start="2026-01-09T10:50:14.782740" elapsed="0.000052"/>
</kw>
<kw name="Dictionary Should Contain Key" owner="Collections">
<arg>${product}</arg>
<arg>name</arg>
<doc>Fails if ``key`` is not found from ``dictionary``.</doc>
<status status="PASS" start="2026-01-09T10:50:14.782831" elapsed="0.000044"/>
</kw>
<kw name="Dictionary Should Contain Key" owner="Collections">
<arg>${product}</arg>
<arg>price</arg>
<doc>Fails if ``key`` is not found from ``dictionary``.</doc>
<status status="PASS" start="2026-01-09T10:50:14.782912" elapsed="0.000043"/>
</kw>
<kw name="Evaluate" owner="BuiltIn">
<msg time="2026-01-09T10:50:14.783166" level="INFO">${price_type} = int</msg>
<var>${price_type}</var>
<arg>type($product['price']).__name__</arg>
<doc>Evaluates the given expression in Python and returns the result.</doc>
<status status="PASS" start="2026-01-09T10:50:14.782996" elapsed="0.000183"/>
</kw>
<kw name="Should Be Equal As Strings" owner="BuiltIn">
<arg>${price_type}</arg>
<arg>int</arg>
<doc>Fails if objects are unequal after converting them to strings.</doc>
<status status="PASS" start="2026-01-09T10:50:14.783237" elapsed="0.000073"/>
</kw>
<var name="${product}">{'id': 'P01', 'name': 'Espresso', 'price': 20000}</var>
<status status="PASS" start="2026-01-09T10:50:14.782698" elapsed="0.000628"/>
</iter>
<iter>
<kw name="Dictionary Should Contain Key" owner="Collections">
<arg>${product}</arg>
<arg>id</arg>
<doc>Fails if ``key`` is not found from ``dictionary``.</doc>
<status status="PASS" start="2026-01-09T10:50:14.783423" elapsed="0.000057"/>
</kw>
<kw name="Dictionary Should Contain Key" owner="Collections">
<arg>${product}</arg>
<arg>name</arg>
<doc>Fails if ``key`` is not found from ``dictionary``.</doc>
<status status="PASS" start="2026-01-09T10:50:14.783521" elapsed="0.000046"/>
</kw>
<kw name="Dictionary Should Contain Key" owner="Collections">
<arg>${product}</arg>
<arg>price</arg>
<doc>Fails if ``key`` is not found from ``dictionary``.</doc>
<status status="PASS" start="2026-01-09T10:50:14.783607" elapsed="0.000050"/>
</kw>
<kw name="Evaluate" owner="BuiltIn">
<msg time="2026-01-09T10:50:14.783805" level="INFO">${price_type} = int</msg>
<var>${price_type}</var>
<arg>type($product['price']).__name__</arg>
<doc>Evaluates the given expression in Python and returns the result.</doc>
<status status="PASS" start="2026-01-09T10:50:14.783698" elapsed="0.000118"/>
</kw>
<kw name="Should Be Equal As Strings" owner="BuiltIn">
<arg>${price_type}</arg>
<arg>int</arg>
<doc>Fails if objects are unequal after converting them to strings.</doc>
<status status="PASS" start="2026-01-09T10:50:14.783857" elapsed="0.000056"/>
</kw>
<var name="${product}">{'id': 'P02', 'name': 'Latte', 'price': 25000}</var>
<status status="PASS" start="2026-01-09T10:50:14.783384" elapsed="0.000542"/>
</iter>
<iter>
<kw name="Dictionary Should Contain Key" owner="Collections">
<arg>${product}</arg>
<arg>id</arg>
<doc>Fails if ``key`` is not found from ``dictionary``.</doc>
<status status="PASS" start="2026-01-09T10:50:14.784002" elapsed="0.000050"/>
</kw>
<kw name="Dictionary Should Contain Key" owner="Collections">
<arg>${product}</arg>
<arg>name</arg>
<doc>Fails if ``key`` is not found from ``dictionary``.</doc>
<status status="PASS" start="2026-01-09T10:50:14.784091" elapsed="0.000045"/>
</kw>
<kw name="Dictionary Should Contain Key" owner="Collections">
<arg>${product}</arg>
<arg>price</arg>
<doc>Fails if ``key`` is not found from ``dictionary``.</doc>
<status status="PASS" start="2026-01-09T10:50:14.784175" elapsed="0.000141"/>
</kw>
<kw name="Evaluate" owner="BuiltIn">
<msg time="2026-01-09T10:50:14.785002" level="INFO">${price_type} = int</msg>
<var>${price_type}</var>
<arg>type($product['price']).__name__</arg>
<doc>Evaluates the given expression in Python and returns the result.</doc>
<status status="PASS" start="2026-01-09T10:50:14.784760" elapsed="0.000259"/>
</kw>
<kw name="Should Be Equal As Strings" owner="BuiltIn">
<arg>${price_type}</arg>
<arg>int</arg>
<doc>Fails if objects are unequal after converting them to strings.</doc>
<status status="PASS" start="2026-01-09T10:50:14.785151" elapsed="0.000218"/>
</kw>
<var name="${product}">{'id': 'P03', 'name': 'Amerikano', 'price': 23000}</var>
<status status="PASS" start="2026-01-09T10:50:14.783970" elapsed="0.001417"/>
</iter>
<iter>
<kw name="Dictionary Should Contain Key" owner="Collections">
<arg>${product}</arg>
<arg>id</arg>
<doc>Fails if ``key`` is not found from ``dictionary``.</doc>
<status status="PASS" start="2026-01-09T10:50:14.785484" elapsed="0.000117"/>
</kw>
<kw name="Dictionary Should Contain Key" owner="Collections">
<arg>${product}</arg>
<arg>name</arg>
<doc>Fails if ``key`` is not found from ``dictionary``.</doc>
<status status="PASS" start="2026-01-09T10:50:14.785844" elapsed="0.000060"/>
</kw>
<kw name="Dictionary Should Contain Key" owner="Collections">
<arg>${product}</arg>
<arg>price</arg>
<doc>Fails if ``key`` is not found from ``dictionary``.</doc>
<status status="PASS" start="2026-01-09T10:50:14.785958" elapsed="0.000050"/>
</kw>
<kw name="Evaluate" owner="BuiltIn">
<msg time="2026-01-09T10:50:14.786752" level="INFO">${price_type} = int</msg>
<var>${price_type}</var>
<arg>type($product['price']).__name__</arg>
<doc>Evaluates the given expression in Python and returns the result.</doc>
<status status="PASS" start="2026-01-09T10:50:14.786054" elapsed="0.000712"/>
</kw>
<kw name="Should Be Equal As Strings" owner="BuiltIn">
<arg>${price_type}</arg>
<arg>int</arg>
<doc>Fails if objects are unequal after converting them to strings.</doc>
<status status="PASS" start="2026-01-09T10:50:14.786818" elapsed="0.000068"/>
</kw>
<var name="${product}">{'id': 'P04', 'name': 'KopiSusu Gula Merah', 'price': 21000}</var>
<status status="PASS" start="2026-01-09T10:50:14.785446" elapsed="0.001455"/>
</iter>
<iter>
<kw name="Dictionary Should Contain Key" owner="Collections">
<arg>${product}</arg>
<arg>id</arg>
<doc>Fails if ``key`` is not found from ``dictionary``.</doc>
<status status="PASS" start="2026-01-09T10:50:14.786995" elapsed="0.000081"/>
</kw>
<kw name="Dictionary Should Contain Key" owner="Collections">
<arg>${product}</arg>
<arg>name</arg>
<doc>Fails if ``key`` is not found from ``dictionary``.</doc>
<status status="PASS" start="2026-01-09T10:50:14.787118" elapsed="0.000046"/>
</kw>
<kw name="Dictionary Should Contain Key" owner="Collections">
<arg>${product}</arg>
<arg>price</arg>
<doc>Fails if ``key`` is not found from ``dictionary``.</doc>
<status status="PASS" start="2026-01-09T10:50:14.787203" elapsed="0.000047"/>
</kw>
<kw name="Evaluate" owner="BuiltIn">
<msg time="2026-01-09T10:50:14.787752" level="INFO">${price_type} = int</msg>
<var>${price_type}</var>
<arg>type($product['price']).__name__</arg>
<doc>Evaluates the given expression in Python and returns the result.</doc>
<status status="PASS" start="2026-01-09T10:50:14.787293" elapsed="0.000509"/>
</kw>
<kw name="Should Be Equal As Strings" owner="BuiltIn">
<arg>${price_type}</arg>
<arg>int</arg>
<doc>Fails if objects are unequal after converting them to strings.</doc>
<status status="PASS" start="2026-01-09T10:50:14.788280" elapsed="0.000471"/>
</kw>
<var name="${product}">{'id': 'P05', 'name': 'Kopi Putih', 'price': 24000}</var>
<status status="PASS" start="2026-01-09T10:50:14.786959" elapsed="0.001989"/>
</iter>
<var>${product}</var>
<value>@{products}</value>
<status status="PASS" start="2026-01-09T10:50:14.782608" elapsed="0.006364"/>
</for>
<arg>${response}</arg>
<status status="PASS" start="2026-01-09T10:50:14.781190" elapsed="0.007834"/>
</kw>
<status status="PASS" start="2026-01-09T10:50:14.768025" elapsed="0.021167"/>
</test>
<test id="s1-s2-t2" name="TC08 Product List Empty - Success [200]" line="16">
<kw name="Product List Data Empty - Success" owner="key_product">
<kw name="Set headers Product" owner="key_product">
<kw name="Create Dictionary" owner="BuiltIn">
<msg time="2026-01-09T10:50:14.790124" level="INFO">${headers} = {'timestamp': '1726033478', 'geolocation': '77665544332211', 'appsId': 'appsid'}</msg>
<var>${headers}</var>
<arg>timestamp=${TIMESTAMP}</arg>
<arg>geolocation=${GEOLOCATION}</arg>
<arg>appsId=${APPS_ID}</arg>
<doc>Creates and returns a dictionary based on the given ``items``.</doc>
<status status="PASS" start="2026-01-09T10:50:14.789969" elapsed="0.000169"/>
</kw>
<return>
<value>${headers}</value>
<status status="PASS" start="2026-01-09T10:50:14.790171" elapsed="0.000020"/>
</return>
<msg time="2026-01-09T10:50:14.790248" level="INFO">${header} = {'timestamp': '1726033478', 'geolocation': '77665544332211', 'appsId': 'appsid'}</msg>
<var>${header}</var>
<status status="PASS" start="2026-01-09T10:50:14.789859" elapsed="0.000399"/>
</kw>
<kw name="Create Session" owner="RequestsLibrary">
<msg time="2026-01-09T10:50:14.790407" level="INFO">Creating Session using : alias=ProductListEmptySuccess, url=http://localhost:3006/v1/products/emptyData, headers={},                     cookies={}, auth=None, timeout=None, proxies=None, verify=True,                     debug=0 </msg>
<arg>ProductListEmptySuccess</arg>
<arg>${ENDPOINT_LIST_PRODUCT_EMPTY}</arg>
<arg>verify=${True}</arg>
<doc>Create Session: create a HTTP session to a server</doc>
<status status="PASS" start="2026-01-09T10:50:14.790305" elapsed="0.000187"/>
</kw>
<kw name="GET On Session" owner="RequestsLibrary">
<msg time="2026-01-09T10:50:14.796480" level="INFO">GET Request : url=http://localhost:3006/v1/products/emptyData 
 path_url=/v1/products/emptyData 
 headers={'User-Agent': 'python-requests/2.32.3', 'Accept-Encoding': 'gzip, deflate', 'Accept': '*/*', 'Connection': 'keep-alive', 'timestamp': '1726033478', 'geolocation': '77665544332211', 'appsId': 'appsid'} 
 body=None 
 </msg>
<msg time="2026-01-09T10:50:14.796529" level="INFO">GET Response : url=http://localhost:3006/v1/products/emptyData 
 status=200, reason=OK 
 headers={'Content-Type': 'application/json; charset=utf-8', 'Access-Control-Allow-Origin': '*', 'Access-Control-Allow-Methods': 'GET,POST,PUT,PATCH,DELETE,HEAD,OPTIONS', 'Access-Control-Allow-Headers': 'Content-Type, Origin, Accept, Authorization, Content-Length, X-Requested-With', 'Content-Length': '70', 'Date': 'Fri, 09 Jan 2026 03:50:14 GMT', 'Connection': 'keep-alive', 'Keep-Alive': 'timeout=5'} 
 body={
    "responseCode": 200,
    "status": "success",
    "data": null
} 
 </msg>
<msg time="2026-01-09T10:50:14.796606" level="INFO">${response} = &lt;Response [200]&gt;</msg>
<var>${response}</var>
<arg>ProductListEmptySuccess</arg>
<arg>${ENDPOINT_LIST_PRODUCT_EMPTY}</arg>
<arg>headers=${header}</arg>
<doc>Sends a GET request on a previously created HTTP Session.</doc>
<status status="PASS" start="2026-01-09T10:50:14.790549" elapsed="0.006070"/>
</kw>
<kw name="Should Be Equal As Strings" owner="BuiltIn">
<msg time="2026-01-09T10:50:14.797057" level="INFO">Argument types are:
&lt;class 'int'&gt;
&lt;class 'str'&gt;</msg>
<arg>${response.status_code}</arg>
<arg>200</arg>
<doc>Fails if objects are unequal after converting them to strings.</doc>
<status status="PASS" start="2026-01-09T10:50:14.796707" elapsed="0.000374"/>
</kw>
<kw name="Log" owner="BuiltIn">
<msg time="2026-01-09T10:50:14.797180" level="INFO">&lt;Response [200]&gt;</msg>
<arg>${response}</arg>
<doc>Logs the given message with the given level.</doc>
<status status="PASS" start="2026-01-09T10:50:14.797133" elapsed="0.000063"/>
</kw>
<return>
<value>${response.json()}</value>
<status status="PASS" start="2026-01-09T10:50:14.797217" elapsed="0.000020"/>
</return>
<msg time="2026-01-09T10:50:14.797516" level="INFO">${response} = {'responseCode': 200, 'status': 'success', 'data': None}</msg>
<var>${response}</var>
<status status="PASS" start="2026-01-09T10:50:14.789705" elapsed="0.007891"/>
</kw>
<kw name="Log" owner="BuiltIn">
<msg time="2026-01-09T10:50:14.797734" level="INFO">Response: {'responseCode': 200, 'status': 'success', 'data': None}</msg>
<arg>Response: ${response}</arg>
<doc>Logs the given message with the given level.</doc>
<status status="PASS" start="2026-01-09T10:50:14.797680" elapsed="0.000071"/>
</kw>
<kw name="Should Be Equal As Integers" owner="BuiltIn">
<msg time="2026-01-09T10:50:14.798072" level="INFO">Argument types are:
&lt;class 'int'&gt;
&lt;class 'str'&gt;</msg>
<arg>${response['responseCode']}</arg>
<arg>200</arg>
<doc>Fails if objects are unequal after converting them to integers.</doc>
<status status="PASS" start="2026-01-09T10:50:14.797809" elapsed="0.000285"/>
</kw>
<kw name="Validate List Product Empty Response" owner="product_response">
<kw name="Dictionary Should Contain Key" owner="Collections">
<arg>${response}</arg>
<arg>responseCode</arg>
<doc>Fails if ``key`` is not found from ``dictionary``.</doc>
<status status="PASS" start="2026-01-09T10:50:14.798314" elapsed="0.000054"/>
</kw>
<kw name="Dictionary Should Contain Key" owner="Collections">
<arg>${response}</arg>
<arg>status</arg>
<doc>Fails if ``key`` is not found from ``dictionary``.</doc>
<status status="PASS" start="2026-01-09T10:50:14.798408" elapsed="0.000050"/>
</kw>
<kw name="Dictionary Should Contain Key" owner="Collections">
<arg>${response}</arg>
<arg>data</arg>
<doc>Fails if ``key`` is not found from ``dictionary``.</doc>
<status status="PASS" start="2026-01-09T10:50:14.798496" elapsed="0.000043"/>
</kw>
<kw name="Should Be Equal As Integers" owner="BuiltIn">
<msg time="2026-01-09T10:50:14.798829" level="INFO">Argument types are:
&lt;class 'int'&gt;
&lt;class 'str'&gt;</msg>
<arg>${response['responseCode']}</arg>
<arg>200</arg>
<doc>Fails if objects are unequal after converting them to integers.</doc>
<status status="PASS" start="2026-01-09T10:50:14.798578" elapsed="0.000272"/>
</kw>
<kw name="Should Be Equal As Strings" owner="BuiltIn">
<arg>${response['status']}</arg>
<arg>success</arg>
<doc>Fails if objects are unequal after converting them to strings.</doc>
<status status="PASS" start="2026-01-09T10:50:14.798892" elapsed="0.000243"/>
</kw>
<kw name="Should Be Equal" owner="BuiltIn">
<arg>${response['data']}</arg>
<arg>${None}</arg>
<doc>Fails if the given objects are unequal.</doc>
<status status="PASS" start="2026-01-09T10:50:14.799180" elapsed="0.000243"/>
</kw>
<arg>${response}</arg>
<status status="PASS" start="2026-01-09T10:50:14.798199" elapsed="0.001249"/>
</kw>
<status status="PASS" start="2026-01-09T10:50:14.789438" elapsed="0.010116"/>
</test>
<test id="s1-s2-t3" name="TC09 Product List - Failed [400]" line="22">
<kw name="Product List 400 - Failed" owner="key_product">
<kw name="Set headers Product" owner="key_product">
<kw name="Create Dictionary" owner="BuiltIn">
<msg time="2026-01-09T10:50:14.800183" level="INFO">${headers} = {'timestamp': '1726033478', 'geolocation': '77665544332211', 'appsId': 'appsid'}</msg>
<var>${headers}</var>
<arg>timestamp=${TIMESTAMP}</arg>
<arg>geolocation=${GEOLOCATION}</arg>
<arg>appsId=${APPS_ID}</arg>
<doc>Creates and returns a dictionary based on the given ``items``.</doc>
<status status="PASS" start="2026-01-09T10:50:14.800052" elapsed="0.000143"/>
</kw>
<return>
<value>${headers}</value>
<status status="PASS" start="2026-01-09T10:50:14.800220" elapsed="0.000019"/>
</return>
<msg time="2026-01-09T10:50:14.800287" level="INFO">${header} = {'timestamp': '1726033478', 'geolocation': '77665544332211', 'appsId': 'appsid'}</msg>
<var>${header}</var>
<status status="PASS" start="2026-01-09T10:50:14.799964" elapsed="0.000332"/>
</kw>
<kw name="Create Session" owner="RequestsLibrary">
<msg time="2026-01-09T10:50:14.800427" level="INFO">Creating Session using : alias=ProductList400, url=http://localhost:3006/v1/products/400, headers={},                     cookies={}, auth=None, timeout=None, proxies=None, verify=True,                     debug=0 </msg>
<arg>ProductList400</arg>
<arg>${ENDPOINT_LIST_PRODUCT_400}</arg>
<arg>verify=${True}</arg>
<doc>Create Session: create a HTTP session to a server</doc>
<status status="PASS" start="2026-01-09T10:50:14.800338" elapsed="0.000160"/>
</kw>
<kw name="GET On Session" owner="RequestsLibrary">
<msg time="2026-01-09T10:50:14.805300" level="INFO">GET Request : url=http://localhost:3006/v1/products/400 
 path_url=/v1/products/400 
 headers={'User-Agent': 'python-requests/2.32.3', 'Accept-Encoding': 'gzip, deflate', 'Accept': '*/*', 'Connection': 'keep-alive', 'timestamp': '1726033478', 'geolocation': '77665544332211', 'appsId': 'appsid'} 
 body=None 
 </msg>
<msg time="2026-01-09T10:50:14.805607" level="INFO">GET Response : url=http://localhost:3006/v1/products/400 
 status=200, reason=OK 
 headers={'Content-Type': 'application/json; charset=utf-8', 'Access-Control-Allow-Origin': '*', 'Access-Control-Allow-Methods': 'GET,POST,PUT,PATCH,DELETE,HEAD,OPTIONS', 'Access-Control-Allow-Headers': 'Content-Type, Origin, Accept, Authorization, Content-Length, X-Requested-With', 'Content-Length': '95', 'Date': 'Fri, 09 Jan 2026 03:50:14 GMT', 'Connection': 'keep-alive', 'Keep-Alive': 'timeout=5'} 
 body={
  "responseCode": 400,
  "status": "failed",
  "message": "Kategori produk tidak ditemukan"
} 
 </msg>
<msg time="2026-01-09T10:50:14.805738" level="INFO">${response} = &lt;Response [200]&gt;</msg>
<var>${response}</var>
<arg>ProductList400</arg>
<arg>${ENDPOINT_LIST_PRODUCT_400}</arg>
<arg>headers=${header}</arg>
<doc>Sends a GET request on a previously created HTTP Session.</doc>
<status status="PASS" start="2026-01-09T10:50:14.800543" elapsed="0.005210"/>
</kw>
<kw name="Should Be Equal As Strings" owner="BuiltIn">
<msg time="2026-01-09T10:50:14.806790" level="INFO">Argument types are:
&lt;class 'int'&gt;
&lt;class 'str'&gt;</msg>
<arg>${response.status_code}</arg>
<arg>200</arg>
<doc>Fails if objects are unequal after converting them to strings.</doc>
<status status="PASS" start="2026-01-09T10:50:14.806126" elapsed="0.000696"/>
</kw>
<kw name="Log" owner="BuiltIn">
<msg time="2026-01-09T10:50:14.806940" level="INFO">&lt;Response [200]&gt;</msg>
<arg>${response}</arg>
<doc>Logs the given message with the given level.</doc>
<status status="PASS" start="2026-01-09T10:50:14.806888" elapsed="0.000069"/>
</kw>
<return>
<value>${response.json()}</value>
<status status="PASS" start="2026-01-09T10:50:14.806977" elapsed="0.000020"/>
</return>
<msg time="2026-01-09T10:50:14.807272" level="INFO">${response} = {'responseCode': 400, 'status': 'failed', 'message': 'Kategori produk tidak ditemukan'}</msg>
<var>${response}</var>
<status status="PASS" start="2026-01-09T10:50:14.799860" elapsed="0.007423"/>
</kw>
<kw name="Log" owner="BuiltIn">
<msg time="2026-01-09T10:50:14.807435" level="INFO">Response: {'responseCode': 400, 'status': 'failed', 'message': 'Kategori produk tidak ditemukan'}</msg>
<arg>Response: ${response}</arg>
<doc>Logs the given message with the given level.</doc>
<status status="PASS" start="2026-01-09T10:50:14.807384" elapsed="0.000067"/>
</kw>
<kw name="Should Be Equal As Integers" owner="BuiltIn">
<msg time="2026-01-09T10:50:14.807775" level="INFO">Argument types are:
&lt;class 'int'&gt;
&lt;class 'str'&gt;</msg>
<arg>${response['responseCode']}</arg>
<arg>400</arg>
<doc>Fails if objects are unequal after converting them to integers.</doc>
<status status="PASS" start="2026-01-09T10:50:14.807512" elapsed="0.000283"/>
</kw>
<kw name="Validate List Product Failed Response" owner="product_response">
<kw name="Dictionary Should Contain Key" owner="Collections">
<arg>${response}</arg>
<arg>responseCode</arg>
<doc>Fails if ``key`` is not found from ``dictionary``.</doc>
<status status="PASS" start="2026-01-09T10:50:14.808034" elapsed="0.000054"/>
</kw>
<kw name="Dictionary Should Contain Key" owner="Collections">
<arg>${response}</arg>
<arg>status</arg>
<doc>Fails if ``key`` is not found from ``dictionary``.</doc>
<status status="PASS" start="2026-01-09T10:50:14.808128" elapsed="0.000049"/>
</kw>
<kw name="Should Be Equal As Integers" owner="BuiltIn">
<msg time="2026-01-09T10:50:14.808535" level="INFO">Argument types are:
&lt;class 'int'&gt;
&lt;class 'str'&gt;</msg>
<arg>${response['responseCode']}</arg>
<arg>${responseCode}</arg>
<doc>Fails if objects are unequal after converting them to integers.</doc>
<status status="PASS" start="2026-01-09T10:50:14.808215" elapsed="0.000342"/>
</kw>
<kw name="Should Be Equal As Strings" owner="BuiltIn">
<arg>${response['status']}</arg>
<arg>${status}</arg>
<doc>Fails if objects are unequal after converting them to strings.</doc>
<status status="PASS" start="2026-01-09T10:50:14.808602" elapsed="0.000263"/>
</kw>
<arg>${response}</arg>
<arg>400</arg>
<arg>failed</arg>
<status status="PASS" start="2026-01-09T10:50:14.807898" elapsed="0.000993"/>
</kw>
<status status="PASS" start="2026-01-09T10:50:14.799673" elapsed="0.009288"/>
</test>
<test id="s1-s2-t4" name="TC10 Product List - Timeout [500]" line="28">
<kw name="Product List 500 - Time Out" owner="key_product">
<kw name="Set headers Product" owner="key_product">
<kw name="Create Dictionary" owner="BuiltIn">
<msg time="2026-01-09T10:50:14.809576" level="INFO">${headers} = {'timestamp': '1726033478', 'geolocation': '77665544332211', 'appsId': 'appsid'}</msg>
<var>${headers}</var>
<arg>timestamp=${TIMESTAMP}</arg>
<arg>geolocation=${GEOLOCATION}</arg>
<arg>appsId=${APPS_ID}</arg>
<doc>Creates and returns a dictionary based on the given ``items``.</doc>
<status status="PASS" start="2026-01-09T10:50:14.809440" elapsed="0.000147"/>
</kw>
<return>
<value>${headers}</value>
<status status="PASS" start="2026-01-09T10:50:14.809612" elapsed="0.000019"/>
</return>
<msg time="2026-01-09T10:50:14.809683" level="INFO">${header} = {'timestamp': '1726033478', 'geolocation': '77665544332211', 'appsId': 'appsid'}</msg>
<var>${header}</var>
<status status="PASS" start="2026-01-09T10:50:14.809354" elapsed="0.000339"/>
</kw>
<kw name="Create Session" owner="RequestsLibrary">
<msg time="2026-01-09T10:50:14.809828" level="INFO">Creating Session using : alias=ProductListTimeOut, url=http://localhost:3006/v1/products/500, headers={},                     cookies={}, auth=None, timeout=None, proxies=None, verify=True,                     debug=0 </msg>
<arg>ProductListTimeOut</arg>
<arg>${ENDPOINT_LIST_PRODUCT_500}</arg>
<arg>verify=${True}</arg>
<doc>Create Session: create a HTTP session to a server</doc>
<status status="PASS" start="2026-01-09T10:50:14.809737" elapsed="0.000262"/>
</kw>
<kw name="GET On Session" owner="RequestsLibrary">
<msg time="2026-01-09T10:50:14.816550" level="INFO">GET Request : url=http://localhost:3006/v1/products/500 
 path_url=/v1/products/500 
 headers={'User-Agent': 'python-requests/2.32.3', 'Accept-Encoding': 'gzip, deflate', 'Accept': '*/*', 'Connection': 'keep-alive', 'timestamp': '1726033478', 'geolocation': '77665544332211', 'appsId': 'appsid'} 
 body=None 
 </msg>
<msg time="2026-01-09T10:50:14.816608" level="INFO">GET Response : url=http://localhost:3006/v1/products/500 
 status=200, reason=OK 
 headers={'Content-Type': 'application/json; charset=utf-8', 'Access-Control-Allow-Origin': '*', 'Access-Control-Allow-Methods': 'GET,POST,PUT,PATCH,DELETE,HEAD,OPTIONS', 'Access-Control-Allow-Headers': 'Content-Type, Origin, Accept, Authorization, Content-Length, X-Requested-With', 'Content-Length': '103', 'Date': 'Fri, 09 Jan 2026 03:50:14 GMT', 'Connection': 'keep-alive', 'Keep-Alive': 'timeout=5'} 
 body={
  "responseCode": 500,
  "status": "error",
  "message": "Database server took too long to respond"
} 
 </msg>
<msg time="2026-01-09T10:50:14.816682" level="INFO">${response} = &lt;Response [200]&gt;</msg>
<var>${response}</var>
<arg>ProductListTimeOut</arg>
<arg>${ENDPOINT_LIST_PRODUCT_500}</arg>
<arg>headers=${header}</arg>
<doc>Sends a GET request on a previously created HTTP Session.</doc>
<status status="PASS" start="2026-01-09T10:50:14.810060" elapsed="0.006636"/>
</kw>
<kw name="Should Be Equal As Strings" owner="BuiltIn">
<msg time="2026-01-09T10:50:14.817146" level="INFO">Argument types are:
&lt;class 'int'&gt;
&lt;class 'str'&gt;</msg>
<arg>${response.status_code}</arg>
<arg>200</arg>
<doc>Fails if objects are unequal after converting them to strings.</doc>
<status status="PASS" start="2026-01-09T10:50:14.816799" elapsed="0.000371"/>
</kw>
<kw name="Log" owner="BuiltIn">
<msg time="2026-01-09T10:50:14.817268" level="INFO">&lt;Response [200]&gt;</msg>
<arg>${response}</arg>
<doc>Logs the given message with the given level.</doc>
<status status="PASS" start="2026-01-09T10:50:14.817221" elapsed="0.000062"/>
</kw>
<return>
<value>${response.json()}</value>
<status status="PASS" start="2026-01-09T10:50:14.817304" elapsed="0.000018"/>
</return>
<msg time="2026-01-09T10:50:14.817583" level="INFO">${response} = {'responseCode': 500, 'status': 'error', 'message': 'Database server took too long to respond'}</msg>
<var>${response}</var>
<status status="PASS" start="2026-01-09T10:50:14.809253" elapsed="0.008341"/>
</kw>
<kw name="Log" owner="BuiltIn">
<msg time="2026-01-09T10:50:14.817731" level="INFO">Response: {'responseCode': 500, 'status': 'error', 'message': 'Database server took too long to respond'}</msg>
<arg>Response: ${response}</arg>
<doc>Logs the given message with the given level.</doc>
<status status="PASS" start="2026-01-09T10:50:14.817678" elapsed="0.000071"/>
</kw>
<kw name="Should Be Equal As Integers" owner="BuiltIn">
<msg time="2026-01-09T10:50:14.818065" level="INFO">Argument types are:
&lt;class 'int'&gt;
&lt;class 'str'&gt;</msg>
<arg>${response['responseCode']}</arg>
<arg>500</arg>
<doc>Fails if objects are unequal after converting them to integers.</doc>
<status status="PASS" start="2026-01-09T10:50:14.817807" elapsed="0.000279"/>
</kw>
<kw name="Validate List Product Failed Response" owner="product_response">
<kw name="Dictionary Should Contain Key" owner="Collections">
<arg>${response}</arg>
<arg>responseCode</arg>
<doc>Fails if ``key`` is not found from ``dictionary``.</doc>
<status status="PASS" start="2026-01-09T10:50:14.818312" elapsed="0.000053"/>
[...]
<status status="PASS" start="2026-01-09T10:50:15.079601" elapsed="0.000048"/>
</kw>
<kw name="Dictionary Should Contain Key" owner="Collections">
<arg>${data}</arg>
<arg>content</arg>
<doc>Fails if ``key`` is not found from ``dictionary``.</doc>
<status status="PASS" start="2026-01-09T10:50:15.079695" elapsed="0.000041"/>
</kw>
<kw name="Set Variable" owner="BuiltIn">
<msg time="2026-01-09T10:50:15.080000" level="INFO">${content} = {'header': 'KOPI GEMINI JAKARTA', 'items': [{'name': 'Latte', 'qty': 1, 'price': 25000, 'total': 25000}], 'totalPrice': 25000, 'footer': 'Terima kasih sudah mampir!'}</msg>
<var>${content}</var>
<arg>${data['content']}</arg>
<doc>Returns the given values which can then be assigned to a variables.</doc>
<status status="PASS" start="2026-01-09T10:50:15.079773" elapsed="0.000238"/>
</kw>
<kw name="Dictionary Should Contain Key" owner="Collections">
<arg>${content}</arg>
<arg>header</arg>
<doc>Fails if ``key`` is not found from ``dictionary``.</doc>
<status status="PASS" start="2026-01-09T10:50:15.080050" elapsed="0.000045"/>
</kw>
<kw name="Dictionary Should Contain Key" owner="Collections">
<arg>${content}</arg>
<arg>items</arg>
<doc>Fails if ``key`` is not found from ``dictionary``.</doc>
<status status="PASS" start="2026-01-09T10:50:15.080132" elapsed="0.000041"/>
</kw>
<kw name="Dictionary Should Contain Key" owner="Collections">
<arg>${content}</arg>
<arg>totalPrice</arg>
<doc>Fails if ``key`` is not found from ``dictionary``.</doc>
<status status="PASS" start="2026-01-09T10:50:15.080209" elapsed="0.000040"/>
</kw>
<kw name="Dictionary Should Contain Key" owner="Collections">
<arg>${content}</arg>
<arg>footer</arg>
<doc>Fails if ``key`` is not found from ``dictionary``.</doc>
<status status="PASS" start="2026-01-09T10:50:15.080314" elapsed="0.000051"/>
</kw>
<kw name="Set Variable" owner="BuiltIn">
<msg time="2026-01-09T10:50:15.080640" level="INFO">${items} = [{'name': 'Latte', 'qty': 1, 'price': 25000, 'total': 25000}]</msg>
<var>${items}</var>
<arg>${content['items']}</arg>
<doc>Returns the given values which can then be assigned to a variables.</doc>
<status status="PASS" start="2026-01-09T10:50:15.080404" elapsed="0.000247"/>
</kw>
<kw name="Should Not Be Empty" owner="BuiltIn">
<msg time="2026-01-09T10:50:15.080732" level="INFO">Length is 1.</msg>
<arg>${items}</arg>
<doc>Verifies that the given item is not empty.</doc>
<status status="PASS" start="2026-01-09T10:50:15.080691" elapsed="0.000056"/>
</kw>
<for flavor="IN">
<iter>
<kw name="Dictionary Should Contain Key" owner="Collections">
<arg>${item}</arg>
<arg>name</arg>
<doc>Fails if ``key`` is not found from ``dictionary``.</doc>
<status status="PASS" start="2026-01-09T10:50:15.080870" elapsed="0.000046"/>
</kw>
<kw name="Dictionary Should Contain Key" owner="Collections">
<arg>${item}</arg>
<arg>qty</arg>
<doc>Fails if ``key`` is not found from ``dictionary``.</doc>
<status status="PASS" start="2026-01-09T10:50:15.080953" elapsed="0.000040"/>
</kw>
<kw name="Dictionary Should Contain Key" owner="Collections">
<arg>${item}</arg>
<arg>price</arg>
<doc>Fails if ``key`` is not found from ``dictionary``.</doc>
<status status="PASS" start="2026-01-09T10:50:15.081029" elapsed="0.000039"/>
</kw>
<kw name="Dictionary Should Contain Key" owner="Collections">
<arg>${item}</arg>
<arg>total</arg>
<doc>Fails if ``key`` is not found from ``dictionary``.</doc>
<status status="PASS" start="2026-01-09T10:50:15.081103" elapsed="0.000043"/>
</kw>
<kw name="Evaluate" owner="BuiltIn">
<msg time="2026-01-09T10:50:15.081609" level="INFO">${item_calc} = 25000</msg>
<var>${item_calc}</var>
<arg>${item['qty']} * ${item['price']}</arg>
<doc>Evaluates the given expression in Python and returns the result.</doc>
<status status="PASS" start="2026-01-09T10:50:15.081185" elapsed="0.000434"/>
</kw>
<kw name="Should Be Equal As Numbers" owner="BuiltIn">
<arg>${item['total']}</arg>
<arg>${item_calc}</arg>
<doc>Fails if objects are unequal after converting them to real numbers.</doc>
<status status="PASS" start="2026-01-09T10:50:15.081660" elapsed="0.000232"/>
</kw>
<var name="${item}">{'name': 'Latte', 'qty': 1, 'price': 25000, 'total': 25000}</var>
<status status="PASS" start="2026-01-09T10:50:15.080838" elapsed="0.001069"/>
</iter>
<var>${item}</var>
<value>@{items}</value>
<status status="PASS" start="2026-01-09T10:50:15.080772" elapsed="0.001148"/>
</for>
<kw name="Should Be Equal As Strings" owner="BuiltIn">
<arg>${content['header']}</arg>
<arg>KOPI GEMINI JAKARTA</arg>
<doc>Fails if objects are unequal after converting them to strings.</doc>
<status status="PASS" start="2026-01-09T10:50:15.081960" elapsed="0.000243"/>
</kw>
<kw name="Should Not Be Empty" owner="BuiltIn">
<msg time="2026-01-09T10:50:15.082475" level="INFO">Length is 26.</msg>
<arg>${content['footer']}</arg>
<doc>Verifies that the given item is not empty.</doc>
<status status="PASS" start="2026-01-09T10:50:15.082244" elapsed="0.000247"/>
</kw>
<arg>${response}</arg>
<status status="PASS" start="2026-01-09T10:50:15.078366" elapsed="0.004147"/>
</kw>
<status status="PASS" start="2026-01-09T10:50:15.068126" elapsed="0.014449"/>
</test>
<test id="s1-s6-t2" name="TC23 Receipt - Transaction Not Found [404]" line="16">
<kw name="Receipt 404 - Success" owner="key_receipt">
<kw name="Set headers Receipt" owner="key_receipt">
<kw name="Create Dictionary" owner="BuiltIn">
<msg time="2026-01-09T10:50:15.083309" level="INFO">${headers} = {'timestamp': '1726033478', 'geolocation': '77665544332211', 'appsId': 'appsid'}</msg>
<var>${headers}</var>
<arg>timestamp=${TIMESTAMP}</arg>
<arg>geolocation=${GEOLOCATION}</arg>
<arg>appsId=${APPS_ID}</arg>
<doc>Creates and returns a dictionary based on the given ``items``.</doc>
<status status="PASS" start="2026-01-09T10:50:15.083177" elapsed="0.000146"/>
</kw>
<return>
<value>${headers}</value>
<status status="PASS" start="2026-01-09T10:50:15.083348" elapsed="0.000014"/>
</return>
<msg time="2026-01-09T10:50:15.083409" level="INFO">${header} = {'timestamp': '1726033478', 'geolocation': '77665544332211', 'appsId': 'appsid'}</msg>
<var>${header}</var>
<status status="PASS" start="2026-01-09T10:50:15.083080" elapsed="0.000338"/>
</kw>
<kw name="Create Session" owner="RequestsLibrary">
<msg time="2026-01-09T10:50:15.083550" level="INFO">Creating Session using : alias=Receipt404, url=http://localhost:3006/v1/transactions/receipt/404, headers={},                     cookies={}, auth=None, timeout=None, proxies=None, verify=True,                     debug=0 </msg>
<arg>Receipt404</arg>
<arg>${ENDPOINT_RECEIPT_404}</arg>
<arg>verify=${True}</arg>
<doc>Create Session: create a HTTP session to a server</doc>
<status status="PASS" start="2026-01-09T10:50:15.083462" elapsed="0.000155"/>
</kw>
<kw name="GET On Session" owner="RequestsLibrary">
<msg time="2026-01-09T10:50:15.090921" level="INFO">GET Request : url=http://localhost:3006/v1/transactions/receipt/404 
 path_url=/v1/transactions/receipt/404 
 headers={'User-Agent': 'python-requests/2.32.3', 'Accept-Encoding': 'gzip, deflate', 'Accept': '*/*', 'Connection': 'keep-alive', 'timestamp': '1726033478', 'geolocation': '77665544332211', 'appsId': 'appsid'} 
 body=None 
 </msg>
<msg time="2026-01-09T10:50:15.090975" level="INFO">GET Response : url=http://localhost:3006/v1/transactions/receipt/404 
 status=200, reason=OK 
 headers={'Content-Type': 'application/json; charset=utf-8', 'Access-Control-Allow-Origin': '*', 'Access-Control-Allow-Methods': 'GET,POST,PUT,PATCH,DELETE,HEAD,OPTIONS', 'Access-Control-Allow-Headers': 'Content-Type, Origin, Accept, Authorization, Content-Length, X-Requested-With', 'Content-Length': '91', 'Date': 'Fri, 09 Jan 2026 03:50:15 GMT', 'Connection': 'keep-alive', 'Keep-Alive': 'timeout=5'} 
 body={
  "responseCode":404,
  "status": "failed",
  "message": "ID Transaksi tidak ditemukan"
} 
 </msg>
<msg time="2026-01-09T10:50:15.091059" level="INFO">${response} = &lt;Response [200]&gt;</msg>
<var>${response}</var>
<arg>Receipt404</arg>
<arg>${ENDPOINT_RECEIPT_404}</arg>
<arg>headers=${header}</arg>
<doc>Sends a GET request on a previously created HTTP Session.</doc>
<status status="PASS" start="2026-01-09T10:50:15.083663" elapsed="0.007410"/>
</kw>
<kw name="Should Be Equal As Strings" owner="BuiltIn">
<msg time="2026-01-09T10:50:15.091515" level="INFO">Argument types are:
&lt;class 'int'&gt;
&lt;class 'str'&gt;</msg>
<arg>${response.status_code}</arg>
<arg>200</arg>
<doc>Fails if objects are unequal after converting them to strings.</doc>
<status status="PASS" start="2026-01-09T10:50:15.091168" elapsed="0.000372"/>
</kw>
<kw name="Log" owner="BuiltIn">
<msg time="2026-01-09T10:50:15.091647" level="INFO">&lt;Response [200]&gt;</msg>
<arg>${response}</arg>
<doc>Logs the given message with the given level.</doc>
<status status="PASS" start="2026-01-09T10:50:15.091595" elapsed="0.000075"/>
</kw>
<return>
<value>${response.json()}</value>
<status status="PASS" start="2026-01-09T10:50:15.091691" elapsed="0.000019"/>
</return>
<msg time="2026-01-09T10:50:15.091994" level="INFO">${response} = {'responseCode': 404, 'status': 'failed', 'message': 'ID Transaksi tidak ditemukan'}</msg>
<var>${response}</var>
<status status="PASS" start="2026-01-09T10:50:15.082969" elapsed="0.009037"/>
</kw>
<kw name="Log" owner="BuiltIn">
<msg time="2026-01-09T10:50:15.092153" level="INFO">Response: {'responseCode': 404, 'status': 'failed', 'message': 'ID Transaksi tidak ditemukan'}</msg>
<arg>Response: ${response}</arg>
<doc>Logs the given message with the given level.</doc>
<status status="PASS" start="2026-01-09T10:50:15.092101" elapsed="0.000069"/>
</kw>
<kw name="Should Be Equal As Integers" owner="BuiltIn">
<msg time="2026-01-09T10:50:15.092527" level="INFO">Argument types are:
&lt;class 'int'&gt;
&lt;class 'str'&gt;</msg>
<arg>${response['responseCode']}</arg>
<arg>404</arg>
<doc>Fails if objects are unequal after converting them to integers.</doc>
<status status="PASS" start="2026-01-09T10:50:15.092265" elapsed="0.000285"/>
</kw>
<kw name="Validate Receipt Failed Response" owner="receipt_response">
<kw name="Dictionary Should Contain Key" owner="Collections">
<arg>${response}</arg>
<arg>responseCode</arg>
<doc>Fails if ``key`` is not found from ``dictionary``.</doc>
<status status="PASS" start="2026-01-09T10:50:15.092768" elapsed="0.000051"/>
</kw>
<kw name="Dictionary Should Contain Key" owner="Collections">
<arg>${response}</arg>
<arg>status</arg>
<doc>Fails if ``key`` is not found from ``dictionary``.</doc>
<status status="PASS" start="2026-01-09T10:50:15.092860" elapsed="0.000048"/>
</kw>
<kw name="Should Be Equal As Integers" owner="BuiltIn">
<msg time="2026-01-09T10:50:15.093198" level="INFO">Argument types are:
&lt;class 'int'&gt;
&lt;class 'str'&gt;</msg>
<arg>${response['responseCode']}</arg>
<arg>${responseCode}</arg>
<doc>Fails if objects are unequal after converting them to integers.</doc>
<status status="PASS" start="2026-01-09T10:50:15.092948" elapsed="0.000269"/>
</kw>
<kw name="Should Be Equal As Strings" owner="BuiltIn">
<arg>${response['status']}</arg>
<arg>${status}</arg>
<doc>Fails if objects are unequal after converting them to strings.</doc>
<status status="PASS" start="2026-01-09T10:50:15.093258" elapsed="0.000237"/>
</kw>
<arg>${response}</arg>
<arg>404</arg>
<arg>failed</arg>
<status status="PASS" start="2026-01-09T10:50:15.092643" elapsed="0.000874"/>
</kw>
<status status="PASS" start="2026-01-09T10:50:15.082757" elapsed="0.010819"/>
</test>
<test id="s1-s6-t3" name="TC24 Receipt - Failed Generate Receipt [504]" line="22">
<kw name="Receipt 504 - Success" owner="key_receipt">
<kw name="Set headers Receipt" owner="key_receipt">
<kw name="Create Dictionary" owner="BuiltIn">
<msg time="2026-01-09T10:50:15.094139" level="INFO">${headers} = {'timestamp': '1726033478', 'geolocation': '77665544332211', 'appsId': 'appsid'}</msg>
<var>${headers}</var>
<arg>timestamp=${TIMESTAMP}</arg>
<arg>geolocation=${GEOLOCATION}</arg>
<arg>appsId=${APPS_ID}</arg>
<doc>Creates and returns a dictionary based on the given ``items``.</doc>
<status status="PASS" start="2026-01-09T10:50:15.094015" elapsed="0.000134"/>
</kw>
<return>
<value>${headers}</value>
<status status="PASS" start="2026-01-09T10:50:15.094168" elapsed="0.000012"/>
</return>
<msg time="2026-01-09T10:50:15.094222" level="INFO">${header} = {'timestamp': '1726033478', 'geolocation': '77665544332211', 'appsId': 'appsid'}</msg>
<var>${header}</var>
<status status="PASS" start="2026-01-09T10:50:15.093931" elapsed="0.000300"/>
</kw>
<kw name="Create Session" owner="RequestsLibrary">
<msg time="2026-01-09T10:50:15.094346" level="INFO">Creating Session using : alias=Receipt504, url=http://localhost:3006/v1/transactions/receipt/504, headers={},                     cookies={}, auth=None, timeout=None, proxies=None, verify=True,                     debug=0 </msg>
<arg>Receipt504</arg>
<arg>${ENDPOINT_RECEIPT_504}</arg>
<arg>verify=${True}</arg>
<doc>Create Session: create a HTTP session to a server</doc>
<status status="PASS" start="2026-01-09T10:50:15.094271" elapsed="0.000135"/>
</kw>
<kw name="GET On Session" owner="RequestsLibrary">
<msg time="2026-01-09T10:50:15.099350" level="INFO">GET Request : url=http://localhost:3006/v1/transactions/receipt/504 
 path_url=/v1/transactions/receipt/504 
 headers={'User-Agent': 'python-requests/2.32.3', 'Accept-Encoding': 'gzip, deflate', 'Accept': '*/*', 'Connection': 'keep-alive', 'timestamp': '1726033478', 'geolocation': '77665544332211', 'appsId': 'appsid'} 
 body=None 
 </msg>
<msg time="2026-01-09T10:50:15.099393" level="INFO">GET Response : url=http://localhost:3006/v1/transactions/receipt/504 
 status=200, reason=OK 
 headers={'Content-Type': 'application/json; charset=utf-8', 'Access-Control-Allow-Origin': '*', 'Access-Control-Allow-Methods': 'GET,POST,PUT,PATCH,DELETE,HEAD,OPTIONS', 'Access-Control-Allow-Headers': 'Content-Type, Origin, Accept, Authorization, Content-Length, X-Requested-With', 'Content-Length': '99', 'Date': 'Fri, 09 Jan 2026 03:50:15 GMT', 'Connection': 'keep-alive', 'Keep-Alive': 'timeout=5'} 
 body={
  "responseCode":504,
  "status": "error",
  "message": "Failed to generate PDF/Receipt format"
} 
 </msg>
<msg time="2026-01-09T10:50:15.099452" level="INFO">${response} = &lt;Response [200]&gt;</msg>
<var>${response}</var>
<arg>Receipt504</arg>
<arg>${ENDPOINT_RECEIPT_504}</arg>
<arg>headers=${header}</arg>
<doc>Sends a GET request on a previously created HTTP Session.</doc>
<status status="PASS" start="2026-01-09T10:50:15.094449" elapsed="0.005016"/>
</kw>
<kw name="Should Be Equal As Strings" owner="BuiltIn">
<msg time="2026-01-09T10:50:15.099870" level="INFO">Argument types are:
&lt;class 'int'&gt;
&lt;class 'str'&gt;</msg>
<arg>${response.status_code}</arg>
<arg>200</arg>
<doc>Fails if objects are unequal after converting them to strings.</doc>
<status status="PASS" start="2026-01-09T10:50:15.099547" elapsed="0.000345"/>
</kw>
<kw name="Log" owner="BuiltIn">
<msg time="2026-01-09T10:50:15.099983" level="INFO">&lt;Response [200]&gt;</msg>
<arg>${response}</arg>
<doc>Logs the given message with the given level.</doc>
<status status="PASS" start="2026-01-09T10:50:15.099939" elapsed="0.000060"/>
</kw>
<return>
<value>${response.json()}</value>
<status status="PASS" start="2026-01-09T10:50:15.100019" elapsed="0.000017"/>
</return>
<msg time="2026-01-09T10:50:15.100304" level="INFO">${response} = {'responseCode': 504, 'status': 'error', 'message': 'Failed to generate PDF/Receipt format'}</msg>
<var>${response}</var>
<status status="PASS" start="2026-01-09T10:50:15.093838" elapsed="0.006478"/>
</kw>
<kw name="Log" owner="BuiltIn">
<msg time="2026-01-09T10:50:15.100453" level="INFO">Response: {'responseCode': 504, 'status': 'error', 'message': 'Failed to generate PDF/Receipt format'}</msg>
<arg>Response: ${response}</arg>
<doc>Logs the given message with the given level.</doc>
<status status="PASS" start="2026-01-09T10:50:15.100404" elapsed="0.000065"/>
</kw>
<kw name="Should Be Equal As Integers" owner="BuiltIn">
<msg time="2026-01-09T10:50:15.100783" level="INFO">Argument types are:
&lt;class 'int'&gt;
&lt;class 'str'&gt;</msg>
<arg>${response['responseCode']}</arg>
<arg>504</arg>
<doc>Fails if objects are unequal after converting them to integers.</doc>
<status status="PASS" start="2026-01-09T10:50:15.100527" elapsed="0.000276"/>
</kw>
<kw name="Validate Receipt Failed Response" owner="receipt_response">
<kw name="Dictionary Should Contain Key" owner="Collections">
<arg>${response}</arg>
<arg>responseCode</arg>
<doc>Fails if ``key`` is not found from ``dictionary``.</doc>
<status status="PASS" start="2026-01-09T10:50:15.101010" elapsed="0.000051"/>
</kw>
<kw name="Dictionary Should Contain Key" owner="Collections">
<arg>${response}</arg>
<arg>status</arg>
<doc>Fails if ``key`` is not found from ``dictionary``.</doc>
<status status="PASS" start="2026-01-09T10:50:15.101101" elapsed="0.000048"/>
</kw>
<kw name="Should Be Equal As Integers" owner="BuiltIn">
<msg time="2026-01-09T10:50:15.101449" level="INFO">Argument types are:
&lt;class 'int'&gt;
&lt;class 'str'&gt;</msg>
<arg>${response['responseCode']}</arg>
<arg>${responseCode}</arg>
<doc>Fails if objects are unequal after converting them to integers.</doc>
<status status="PASS" start="2026-01-09T10:50:15.101187" elapsed="0.000282"/>
</kw>
<kw name="Should Be Equal As Strings" owner="BuiltIn">
<arg>${response['status']}</arg>
<arg>${status}</arg>
<doc>Fails if objects are unequal after converting them to strings.</doc>
<status status="PASS" start="2026-01-09T10:50:15.101511" elapsed="0.000255"/>
</kw>
<arg>${response}</arg>
<arg>504</arg>
<arg>error</arg>
<status status="PASS" start="2026-01-09T10:50:15.100890" elapsed="0.000899"/>
</kw>
<status status="PASS" start="2026-01-09T10:50:15.093670" elapsed="0.008186"/>
</test>
<kw name="Generate PDF Report After Test" owner="key_receipt" type="TEARDOWN">
<kw name="Run Process" owner="Process">
<msg time="2026-01-09T10:50:15.102337" level="INFO">Starting process:
python3 library/generate_pdf_report.py</msg>
<msg time="2026-01-09T10:50:15.104657" level="INFO">Waiting for process to complete.</msg>
<msg time="2026-01-09T10:50:15.889555" level="INFO">Process completed.</msg>
<arg>python3</arg>
<arg>library/generate_pdf_report.py</arg>
<doc>Runs a process and waits for it to complete.</doc>
<status status="PASS" start="2026-01-09T10:50:15.102207" elapsed="0.787490"/>
</kw>
<status status="PASS" start="2026-01-09T10:50:15.102135" elapsed="0.787669"/>
</kw>
<status status="PASS" start="2026-01-09T10:50:15.063128" elapsed="0.826703"/>
</suite>
<status status="PASS" start="2026-01-09T10:50:14.435177" elapsed="1.455226"/>
</suite>
<statistics>
<total>
<stat pass="30" fail="0" skip="0">All Tests</stat>
</total>
<tag>
</tag>
<suite>
<stat name="Login &amp; Product &amp; Inquiry &amp; Payment &amp; Payment &amp; Receipt" id="s1" pass="30" fail="0" skip="0">Login &amp; Product &amp; Inquiry &amp; Payment &amp; Payment &amp; Receipt</stat>
<stat name="Login" id="s1-s1" pass="6" fail="0" skip="0">Login &amp; Product &amp; Inquiry &amp; Payment &amp; Payment &amp; Receipt.Login</stat>
<stat name="Product" id="s1-s2" pass="4" fail="0" skip="0">Login &amp; Product &amp; Inquiry &amp; Payment &amp; Payment &amp; Receipt.Product</stat>
<stat name="Inquiry" id="s1-s3" pass="5" fail="0" skip="0">Login &amp; Product &amp; Inquiry &amp; Payment &amp; Payment &amp; Receipt.Inquiry</stat>
<stat name="Payment" id="s1-s4" pass="6" fail="0" skip="0">Login &amp; Product &amp; Inquiry &amp; Payment &amp; Payment &amp; Receipt.Payment</stat>
<stat name="Payment" id="s1-s5" pass="6" fail="0" skip="0">Login &amp; Product &amp; Inquiry &amp; Payment &amp; Payment &amp; Receipt.Payment</stat>
<stat name="Receipt" id="s1-s6" pass="3" fail="0" skip="0">Login &amp; Product &amp; Inquiry &amp; Payment &amp; Payment &amp; Receipt.Receipt</stat>
</suite>
</statistics>
<errors>
</errors>
</robot>
